Connecting to database specified by database.yml
  [1m[36m (9.5ms)[0m  [1mSELECT "schema_migrations"."version" FROM "schema_migrations" [0m
Migrating to CreateMovies (20111119180638)
  [1m[35m (0.1ms)[0m  select sqlite_version(*)
  [1m[36m (0.1ms)[0m  [1mSELECT "schema_migrations"."version" FROM "schema_migrations" [0m
Connecting to database specified by database.yml
  [1m[36m (6.9ms)[0m  [1mSELECT "schema_migrations"."version" FROM "schema_migrations" [0m
  [1m[35m (0.3ms)[0m  select sqlite_version(*)
  [1m[36m (14.0ms)[0m  [1mCREATE TABLE "movies" ("id" INTEGER PRIMARY KEY AUTOINCREMENT NOT NULL, "title" varchar(255), "rating" varchar(255), "description" text, "release_date" datetime, "created_at" datetime, "updated_at" datetime) [0m
  [1m[35m (10.4ms)[0m  CREATE TABLE "schema_migrations" ("version" varchar(255) NOT NULL) 
  [1m[36m (23.4ms)[0m  [1mCREATE UNIQUE INDEX "unique_schema_migrations" ON "schema_migrations" ("version")[0m
  [1m[35m (0.1ms)[0m  SELECT version FROM "schema_migrations"
  [1m[36m (10.3ms)[0m  [1mINSERT INTO "schema_migrations" (version) VALUES ('20120130161449')[0m
  [1m[35m (7.4ms)[0m  INSERT INTO "schema_migrations" (version) VALUES ('20111119180638')
Connecting to database specified by database.yml
  [1m[36m (6.7ms)[0m  [1mSELECT "schema_migrations"."version" FROM "schema_migrations" [0m
  [1m[35m (0.3ms)[0m  select sqlite_version(*)
  [1m[36m (13.4ms)[0m  [1mCREATE TABLE "movies" ("id" INTEGER PRIMARY KEY AUTOINCREMENT NOT NULL, "title" varchar(255), "rating" varchar(255), "description" text, "release_date" datetime, "created_at" datetime, "updated_at" datetime) [0m
  [1m[35m (7.4ms)[0m  CREATE TABLE "schema_migrations" ("version" varchar(255) NOT NULL) 
  [1m[36m (11.6ms)[0m  [1mCREATE UNIQUE INDEX "unique_schema_migrations" ON "schema_migrations" ("version")[0m
  [1m[35m (0.1ms)[0m  SELECT version FROM "schema_migrations"
  [1m[36m (7.7ms)[0m  [1mINSERT INTO "schema_migrations" (version) VALUES ('20120130161449')[0m
  [1m[35m (7.8ms)[0m  INSERT INTO "schema_migrations" (version) VALUES ('20111119180638')
Connecting to database specified by database.yml
Connecting to database specified by database.yml
Connecting to database specified by database.yml
  [1m[36m (7.9ms)[0m  [1mSELECT "schema_migrations"."version" FROM "schema_migrations" [0m
Migrating to CreateMovies (20111119180638)
Migrating to AddDirectorToMovies (20160324140611)
  [1m[35m (0.0ms)[0m  select sqlite_version(*)
  [1m[36m (0.0ms)[0m  [1mbegin transaction[0m
  [1m[35m (0.6ms)[0m  ALTER TABLE "movies" ADD "director" varchar(255)
  [1m[36m (0.1ms)[0m  [1mINSERT INTO "schema_migrations" ("version") VALUES ('20160324140611')[0m
  [1m[35m (9.6ms)[0m  commit transaction
  [1m[36m (0.2ms)[0m  [1mSELECT "schema_migrations"."version" FROM "schema_migrations" [0m
Connecting to database specified by database.yml
  [1m[36m (7.5ms)[0m  [1mSELECT "schema_migrations"."version" FROM "schema_migrations" [0m
  [1m[35m (0.3ms)[0m  select sqlite_version(*)
  [1m[36m (11.1ms)[0m  [1mCREATE TABLE "movies" ("id" INTEGER PRIMARY KEY AUTOINCREMENT NOT NULL, "title" varchar(255), "rating" varchar(255), "description" text, "release_date" datetime, "created_at" datetime, "updated_at" datetime, "director" varchar(255)) [0m
  [1m[35m (7.4ms)[0m  CREATE TABLE "schema_migrations" ("version" varchar(255) NOT NULL) 
  [1m[36m (11.4ms)[0m  [1mCREATE UNIQUE INDEX "unique_schema_migrations" ON "schema_migrations" ("version")[0m
  [1m[35m (0.1ms)[0m  SELECT version FROM "schema_migrations"
  [1m[36m (9.8ms)[0m  [1mINSERT INTO "schema_migrations" (version) VALUES ('20160324140611')[0m
  [1m[35m (12.3ms)[0m  INSERT INTO "schema_migrations" (version) VALUES ('20111119180638')


Started GET "/" for 209.189.254.4 at 2016-03-24 14:17:03 +0000
Connecting to database specified by database.yml

ActionController::RoutingError (No route matches [GET] "/"):
  actionpack (3.2.18) lib/action_dispatch/middleware/debug_exceptions.rb:21:in `call'
  actionpack (3.2.18) lib/action_dispatch/middleware/show_exceptions.rb:56:in `call'
  railties (3.2.18) lib/rails/rack/logger.rb:32:in `call_app'
  railties (3.2.18) lib/rails/rack/logger.rb:16:in `block in call'
  activesupport (3.2.18) lib/active_support/tagged_logging.rb:22:in `tagged'
  railties (3.2.18) lib/rails/rack/logger.rb:16:in `call'
  actionpack (3.2.18) lib/action_dispatch/middleware/request_id.rb:22:in `call'
  rack (1.4.5) lib/rack/methodoverride.rb:21:in `call'
  rack (1.4.5) lib/rack/runtime.rb:17:in `call'
  activesupport (3.2.18) lib/active_support/cache/strategy/local_cache.rb:72:in `call'
  rack (1.4.5) lib/rack/lock.rb:15:in `call'
  actionpack (3.2.18) lib/action_dispatch/middleware/static.rb:63:in `call'
  railties (3.2.18) lib/rails/engine.rb:484:in `call'
  railties (3.2.18) lib/rails/application.rb:231:in `call'
  rack (1.4.5) lib/rack/content_length.rb:14:in `call'
  railties (3.2.18) lib/rails/rack/log_tailer.rb:17:in `call'
  rack (1.4.5) lib/rack/handler/webrick.rb:59:in `service'
  /usr/local/rvm/rubies/ruby-1.9.3-p551/lib/ruby/1.9.1/webrick/httpserver.rb:138:in `service'
  /usr/local/rvm/rubies/ruby-1.9.3-p551/lib/ruby/1.9.1/webrick/httpserver.rb:94:in `run'
  /usr/local/rvm/rubies/ruby-1.9.3-p551/lib/ruby/1.9.1/webrick/server.rb:191:in `block in start_thread'


  Rendered /usr/local/rvm/gems/ruby-1.9.3-p551/gems/actionpack-3.2.18/lib/action_dispatch/middleware/templates/rescues/routing_error.erb within rescues/layout (6.4ms)
Connecting to database specified by database.yml


Started GET "/movies" for 209.189.254.4 at 2016-03-24 14:25:44 +0000
Processing by MoviesController#index as HTML
  [1m[36mMovie Load (0.3ms)[0m  [1mSELECT "movies".* FROM "movies" WHERE "movies"."rating" IN ('G', 'PG', 'PG-13', 'NC-17', 'R')[0m
  Rendered movies/index.html.haml within layouts/application (14.8ms)
Compiled application.css  (0ms)  (pid 23222)
Compiled jquery.js  (1ms)  (pid 23222)
Compiled jquery_ujs.js  (0ms)  (pid 23222)
Compiled application.js  (62ms)  (pid 23222)
Completed 200 OK in 268.7ms (Views: 113.8ms | ActiveRecord: 6.7ms)


Started GET "/assets/application.css?body=1" for 209.189.254.4 at 2016-03-24 14:25:45 +0000
Served asset /application.css - 200 OK (2ms)


Started GET "/assets/jquery.js?body=1" for 209.189.254.4 at 2016-03-24 14:25:45 +0000
Served asset /jquery.js - 200 OK (47ms)


Started GET "/assets/jquery_ujs.js?body=1" for 209.189.254.4 at 2016-03-24 14:25:45 +0000
Served asset /jquery_ujs.js - 200 OK (4ms)


Started GET "/assets/application.js?body=1" for 209.189.254.4 at 2016-03-24 14:25:45 +0000
Served asset /application.js - 200 OK (5ms)


Started GET "/movies/5" for 209.189.254.4 at 2016-03-24 14:26:10 +0000
Processing by MoviesController#show as HTML
  Parameters: {"id"=>"5"}
  [1m[35mMovie Load (0.4ms)[0m  SELECT "movies".* FROM "movies" WHERE "movies"."id" = ? LIMIT 1  [["id", "5"]]
  Rendered movies/show.html.haml within layouts/application (3.2ms)
Completed 200 OK in 10.5ms (Views: 8.0ms | ActiveRecord: 0.4ms)


Started GET "/movies/5/edit" for 209.189.254.4 at 2016-03-24 14:26:16 +0000
Processing by MoviesController#edit as HTML
  Parameters: {"id"=>"5"}
  [1m[36mMovie Load (0.3ms)[0m  [1mSELECT "movies".* FROM "movies" WHERE "movies"."id" = ? LIMIT 1[0m  [["id", "5"]]
  Rendered movies/edit.html.haml within layouts/application (13.8ms)
Completed 200 OK in 23.2ms (Views: 20.8ms | ActiveRecord: 0.3ms)


Started GET "/movies" for 209.189.254.4 at 2016-03-24 14:26:41 +0000
Processing by MoviesController#index as HTML
  [1m[35mMovie Load (0.4ms)[0m  SELECT "movies".* FROM "movies" WHERE "movies"."rating" IN ('G', 'PG', 'PG-13', 'NC-17', 'R')
  Rendered movies/index.html.haml within layouts/application (8.8ms)
Completed 200 OK in 17.4ms (Views: 14.9ms | ActiveRecord: 0.4ms)


Started GET "/movies" for 209.189.254.4 at 2016-03-24 14:28:54 +0000
Processing by MoviesController#index as HTML
  [1m[36mMovie Load (0.3ms)[0m  [1mSELECT "movies".* FROM "movies" WHERE "movies"."rating" IN ('G', 'PG', 'PG-13', 'NC-17', 'R')[0m
  Rendered movies/index.html.haml within layouts/application (10.9ms)
Completed 200 OK in 18.1ms (Views: 16.0ms | ActiveRecord: 0.3ms)


Started GET "/assets/jquery.js?body=1" for 209.189.254.4 at 2016-03-24 14:28:54 +0000
Served asset /jquery.js - 304 Not Modified (6ms)


Started GET "/assets/jquery_ujs.js?body=1" for 209.189.254.4 at 2016-03-24 14:28:54 +0000
Served asset /jquery_ujs.js - 304 Not Modified (0ms)


Started GET "/assets/application.js?body=1" for 209.189.254.4 at 2016-03-24 14:28:54 +0000
Served asset /application.js - 304 Not Modified (46ms)


Started GET "/assets/application.css?body=1" for 209.189.254.4 at 2016-03-24 14:28:54 +0000
Served asset /application.css - 304 Not Modified (0ms)


Started GET "/movies/1" for 209.189.254.4 at 2016-03-24 14:33:05 +0000
Processing by MoviesController#show as HTML
  Parameters: {"id"=>"1"}
  [1m[35mMovie Load (0.3ms)[0m  SELECT "movies".* FROM "movies" WHERE "movies"."id" = ? LIMIT 1  [["id", "1"]]
  Rendered movies/show.html.haml within layouts/application (1.3ms)
Completed 200 OK in 8.0ms (Views: 6.5ms | ActiveRecord: 0.3ms)


Started GET "/assets/application.css?body=1" for 209.189.254.4 at 2016-03-24 14:33:05 +0000
Served asset /application.css - 304 Not Modified (0ms)


Started GET "/assets/jquery.js?body=1" for 209.189.254.4 at 2016-03-24 14:33:05 +0000
Served asset /jquery.js - 304 Not Modified (1ms)


Started GET "/assets/application.js?body=1" for 209.189.254.4 at 2016-03-24 14:33:05 +0000
Served asset /application.js - 304 Not Modified (1ms)


Started GET "/assets/jquery_ujs.js?body=1" for 209.189.254.4 at 2016-03-24 14:33:05 +0000
Served asset /jquery_ujs.js - 304 Not Modified (0ms)


Started GET "/movies/1/edit" for 209.189.254.4 at 2016-03-24 14:33:07 +0000
Processing by MoviesController#edit as HTML
  Parameters: {"id"=>"1"}
  [1m[36mMovie Load (0.2ms)[0m  [1mSELECT "movies".* FROM "movies" WHERE "movies"."id" = ? LIMIT 1[0m  [["id", "1"]]
  Rendered movies/edit.html.haml within layouts/application (5.0ms)
Completed 200 OK in 11.3ms (Views: 9.9ms | ActiveRecord: 0.2ms)


Started GET "/assets/application.css?body=1" for 209.189.254.4 at 2016-03-24 14:33:07 +0000
Served asset /application.css - 304 Not Modified (0ms)


Started GET "/assets/application.js?body=1" for 209.189.254.4 at 2016-03-24 14:33:07 +0000
Served asset /application.js - 304 Not Modified (3ms)


Started GET "/assets/jquery.js?body=1" for 209.189.254.4 at 2016-03-24 14:33:07 +0000
Served asset /jquery.js - 304 Not Modified (1ms)


Started GET "/assets/jquery_ujs.js?body=1" for 209.189.254.4 at 2016-03-24 14:33:07 +0000
Served asset /jquery_ujs.js - 304 Not Modified (0ms)


Started PUT "/movies/1" for 209.189.254.4 at 2016-03-24 14:33:17 +0000
Processing by MoviesController#update as HTML
  Parameters: {"utf8"=>"✓", "authenticity_token"=>"uYtKMcRWphYw6pwUxE4mLFV7EKI+XmqjOidcHmvesM0=", "movie"=>{"title"=>"Aladdin", "director"=>"Xudong Huang", "rating"=>"G", "release_date(1i)"=>"1992", "release_date(2i)"=>"11", "release_date(3i)"=>"25"}, "commit"=>"Update Movie Info", "id"=>"1"}
  [1m[35mMovie Load (0.2ms)[0m  SELECT "movies".* FROM "movies" WHERE "movies"."id" = ? LIMIT 1  [["id", "1"]]
  [1m[36m (0.1ms)[0m  [1mbegin transaction[0m
WARNING: Can't mass-assign protected attributes: director
  [1m[35m (0.1ms)[0m  commit transaction
Redirected to https://tdd-bdd-hw-exxcalibur.c9users.io/movies/1
Completed 302 Found in 4.3ms (ActiveRecord: 0.3ms)


Started GET "/movies/1" for 209.189.254.4 at 2016-03-24 14:33:17 +0000
Processing by MoviesController#show as HTML
  Parameters: {"id"=>"1"}
  [1m[36mMovie Load (0.2ms)[0m  [1mSELECT "movies".* FROM "movies" WHERE "movies"."id" = ? LIMIT 1[0m  [["id", "1"]]
  Rendered movies/show.html.haml within layouts/application (1.3ms)
Completed 200 OK in 7.5ms (Views: 6.3ms | ActiveRecord: 0.2ms)


Started GET "/assets/application.css?body=1" for 209.189.254.4 at 2016-03-24 14:33:17 +0000
Served asset /application.css - 304 Not Modified (1ms)


Started GET "/assets/jquery.js?body=1" for 209.189.254.4 at 2016-03-24 14:33:17 +0000
Served asset /jquery.js - 304 Not Modified (1ms)


Started GET "/assets/jquery_ujs.js?body=1" for 209.189.254.4 at 2016-03-24 14:33:18 +0000
Served asset /jquery_ujs.js - 304 Not Modified (0ms)


Started GET "/assets/application.js?body=1" for 209.189.254.4 at 2016-03-24 14:33:18 +0000
Served asset /application.js - 304 Not Modified (1ms)


Started GET "/movies" for 209.189.254.4 at 2016-03-24 14:33:24 +0000
Processing by MoviesController#index as HTML
  [1m[35mMovie Load (0.7ms)[0m  SELECT "movies".* FROM "movies" WHERE "movies"."rating" IN ('G', 'PG', 'PG-13', 'NC-17', 'R')
  Rendered movies/index.html.haml within layouts/application (12.9ms)
Completed 200 OK in 23.4ms (Views: 20.3ms | ActiveRecord: 0.7ms)


Started GET "/assets/application.css?body=1" for 209.189.254.4 at 2016-03-24 14:33:25 +0000
Served asset /application.css - 304 Not Modified (0ms)


Started GET "/assets/jquery.js?body=1" for 209.189.254.4 at 2016-03-24 14:33:25 +0000
Served asset /jquery.js - 304 Not Modified (0ms)


Started GET "/assets/application.js?body=1" for 209.189.254.4 at 2016-03-24 14:33:25 +0000
Served asset /application.js - 304 Not Modified (1ms)


Started GET "/assets/jquery_ujs.js?body=1" for 209.189.254.4 at 2016-03-24 14:33:25 +0000
Served asset /jquery_ujs.js - 304 Not Modified (0ms)


Started GET "/movies/1" for 209.189.254.4 at 2016-03-24 14:36:06 +0000
Processing by MoviesController#show as HTML
  Parameters: {"id"=>"1"}
  [1m[36mMovie Load (0.2ms)[0m  [1mSELECT "movies".* FROM "movies" WHERE "movies"."id" = ? LIMIT 1[0m  [["id", "1"]]
  Rendered movies/show.html.haml within layouts/application (1.4ms)
Completed 200 OK in 8.3ms (Views: 6.7ms | ActiveRecord: 0.2ms)


Started GET "/assets/application.css?body=1" for 209.189.254.4 at 2016-03-24 14:36:07 +0000
Served asset /application.css - 304 Not Modified (0ms)


Started GET "/assets/jquery.js?body=1" for 209.189.254.4 at 2016-03-24 14:36:07 +0000
Served asset /jquery.js - 304 Not Modified (0ms)


Started GET "/assets/jquery_ujs.js?body=1" for 209.189.254.4 at 2016-03-24 14:36:07 +0000
Served asset /jquery_ujs.js - 304 Not Modified (0ms)


Started GET "/assets/application.js?body=1" for 209.189.254.4 at 2016-03-24 14:36:07 +0000
Served asset /application.js - 304 Not Modified (2ms)


Started GET "/movies/1/edit" for 209.189.254.4 at 2016-03-24 14:36:14 +0000
Processing by MoviesController#edit as HTML
  Parameters: {"id"=>"1"}
  [1m[35mMovie Load (0.2ms)[0m  SELECT "movies".* FROM "movies" WHERE "movies"."id" = ? LIMIT 1  [["id", "1"]]
  Rendered movies/edit.html.haml within layouts/application (45.3ms)
Completed 200 OK in 51.5ms (Views: 50.1ms | ActiveRecord: 0.2ms)


Started GET "/assets/application.css?body=1" for 209.189.254.4 at 2016-03-24 14:36:15 +0000
Served asset /application.css - 304 Not Modified (0ms)


Started GET "/assets/jquery.js?body=1" for 209.189.254.4 at 2016-03-24 14:36:15 +0000
Served asset /jquery.js - 304 Not Modified (1ms)


Started GET "/assets/jquery_ujs.js?body=1" for 209.189.254.4 at 2016-03-24 14:36:15 +0000
Served asset /jquery_ujs.js - 304 Not Modified (2ms)


Started GET "/assets/application.js?body=1" for 209.189.254.4 at 2016-03-24 14:36:15 +0000
Served asset /application.js - 304 Not Modified (2ms)


Started PUT "/movies/1" for 209.189.254.4 at 2016-03-24 14:36:34 +0000
Processing by MoviesController#update as HTML
  Parameters: {"utf8"=>"✓", "authenticity_token"=>"uYtKMcRWphYw6pwUxE4mLFV7EKI+XmqjOidcHmvesM0=", "movie"=>{"title"=>"Aladdin", "director"=>"huejie", "rating"=>"G", "release_date(1i)"=>"1992", "release_date(2i)"=>"11", "release_date(3i)"=>"25"}, "commit"=>"Update Movie Info", "id"=>"1"}
  [1m[36mMovie Load (0.2ms)[0m  [1mSELECT "movies".* FROM "movies" WHERE "movies"."id" = ? LIMIT 1[0m  [["id", "1"]]
  [1m[35m (0.1ms)[0m  begin transaction
WARNING: Can't mass-assign protected attributes: director
  [1m[36m (0.0ms)[0m  [1mcommit transaction[0m
Redirected to https://tdd-bdd-hw-exxcalibur.c9users.io/movies/1
Completed 302 Found in 3.1ms (ActiveRecord: 0.3ms)


Started GET "/movies/1" for 209.189.254.4 at 2016-03-24 14:36:34 +0000
Processing by MoviesController#show as HTML
  Parameters: {"id"=>"1"}
  [1m[35mMovie Load (0.2ms)[0m  SELECT "movies".* FROM "movies" WHERE "movies"."id" = ? LIMIT 1  [["id", "1"]]
  Rendered movies/show.html.haml within layouts/application (1.5ms)
Completed 200 OK in 7.5ms (Views: 6.4ms | ActiveRecord: 0.2ms)


Started GET "/assets/jquery.js?body=1" for 209.189.254.4 at 2016-03-24 14:36:34 +0000
Served asset /jquery.js - 304 Not Modified (1ms)


Started GET "/assets/application.css?body=1" for 209.189.254.4 at 2016-03-24 14:36:34 +0000
Served asset /application.css - 304 Not Modified (0ms)


Started GET "/assets/jquery_ujs.js?body=1" for 209.189.254.4 at 2016-03-24 14:36:34 +0000
Served asset /jquery_ujs.js - 304 Not Modified (0ms)


Started GET "/assets/application.js?body=1" for 209.189.254.4 at 2016-03-24 14:36:34 +0000
Served asset /application.js - 304 Not Modified (2ms)


Started GET "/movies" for 209.189.254.4 at 2016-03-24 14:37:06 +0000
Processing by MoviesController#index as HTML
  [1m[36mMovie Load (0.3ms)[0m  [1mSELECT "movies".* FROM "movies" WHERE "movies"."rating" IN ('G', 'PG', 'PG-13', 'NC-17', 'R')[0m
  Rendered movies/index.html.haml within layouts/application (10.7ms)
Completed 200 OK in 18.9ms (Views: 16.7ms | ActiveRecord: 0.3ms)


Started GET "/assets/application.css?body=1" for 209.189.254.4 at 2016-03-24 14:37:06 +0000
Served asset /application.css - 304 Not Modified (0ms)


Started GET "/assets/jquery.js?body=1" for 209.189.254.4 at 2016-03-24 14:37:06 +0000
Served asset /jquery.js - 304 Not Modified (1ms)


Started GET "/assets/jquery_ujs.js?body=1" for 209.189.254.4 at 2016-03-24 14:37:06 +0000
Served asset /jquery_ujs.js - 304 Not Modified (0ms)


Started GET "/assets/application.js?body=1" for 209.189.254.4 at 2016-03-24 14:37:06 +0000
Served asset /application.js - 304 Not Modified (1ms)


Started GET "/movies/1" for 209.189.254.4 at 2016-03-24 14:39:04 +0000
Processing by MoviesController#show as HTML
  Parameters: {"id"=>"1"}
  [1m[35mMovie Load (0.3ms)[0m  SELECT "movies".* FROM "movies" WHERE "movies"."id" = ? LIMIT 1  [["id", "1"]]
  Rendered movies/show.html.haml within layouts/application (4.6ms)
Completed 200 OK in 13.6ms (Views: 11.4ms | ActiveRecord: 0.3ms)


Started GET "/assets/application.css?body=1" for 209.189.254.4 at 2016-03-24 14:39:04 +0000
Served asset /application.css - 304 Not Modified (0ms)


Started GET "/assets/jquery.js?body=1" for 209.189.254.4 at 2016-03-24 14:39:04 +0000
Served asset /jquery.js - 304 Not Modified (3ms)


Started GET "/assets/jquery_ujs.js?body=1" for 209.189.254.4 at 2016-03-24 14:39:04 +0000
Served asset /jquery_ujs.js - 304 Not Modified (0ms)


Started GET "/assets/application.js?body=1" for 209.189.254.4 at 2016-03-24 14:39:04 +0000
Served asset /application.js - 304 Not Modified (3ms)


Started GET "/movies/1/edit" for 209.189.254.4 at 2016-03-24 14:39:08 +0000
Processing by MoviesController#edit as HTML
  Parameters: {"id"=>"1"}
  [1m[36mMovie Load (0.2ms)[0m  [1mSELECT "movies".* FROM "movies" WHERE "movies"."id" = ? LIMIT 1[0m  [["id", "1"]]
  Rendered movies/edit.html.haml within layouts/application (3.8ms)
Completed 200 OK in 10.2ms (Views: 9.0ms | ActiveRecord: 0.2ms)


Started GET "/assets/application.css?body=1" for 209.189.254.4 at 2016-03-24 14:39:09 +0000
Served asset /application.css - 304 Not Modified (1ms)


Started GET "/assets/application.js?body=1" for 209.189.254.4 at 2016-03-24 14:39:09 +0000
Served asset /application.js - 304 Not Modified (3ms)


Started GET "/assets/jquery.js?body=1" for 209.189.254.4 at 2016-03-24 14:39:09 +0000
Served asset /jquery.js - 304 Not Modified (0ms)


Started GET "/assets/jquery_ujs.js?body=1" for 209.189.254.4 at 2016-03-24 14:39:09 +0000
Served asset /jquery_ujs.js - 304 Not Modified (0ms)


Started PUT "/movies/1" for 209.189.254.4 at 2016-03-24 14:39:13 +0000
Processing by MoviesController#update as HTML
  Parameters: {"utf8"=>"✓", "authenticity_token"=>"uYtKMcRWphYw6pwUxE4mLFV7EKI+XmqjOidcHmvesM0=", "movie"=>{"title"=>"Aladdin", "director"=>"fadsfsadf", "rating"=>"G", "release_date(1i)"=>"1992", "release_date(2i)"=>"11", "release_date(3i)"=>"25"}, "commit"=>"Update Movie Info", "id"=>"1"}
  [1m[35mMovie Load (0.2ms)[0m  SELECT "movies".* FROM "movies" WHERE "movies"."id" = ? LIMIT 1  [["id", "1"]]
  [1m[36m (0.1ms)[0m  [1mbegin transaction[0m
WARNING: Can't mass-assign protected attributes: director
  [1m[35m (0.0ms)[0m  commit transaction
Redirected to https://tdd-bdd-hw-exxcalibur.c9users.io/movies/1
Completed 302 Found in 3.3ms (ActiveRecord: 0.3ms)


Started GET "/movies/1" for 209.189.254.4 at 2016-03-24 14:39:13 +0000
Processing by MoviesController#show as HTML
  Parameters: {"id"=>"1"}
  [1m[36mMovie Load (0.1ms)[0m  [1mSELECT "movies".* FROM "movies" WHERE "movies"."id" = ? LIMIT 1[0m  [["id", "1"]]
  Rendered movies/show.html.haml within layouts/application (1.5ms)
Completed 200 OK in 7.8ms (Views: 6.8ms | ActiveRecord: 0.1ms)


Started GET "/assets/jquery_ujs.js?body=1" for 209.189.254.4 at 2016-03-24 14:39:13 +0000
Served asset /jquery_ujs.js - 304 Not Modified (1ms)


Started GET "/assets/application.css?body=1" for 209.189.254.4 at 2016-03-24 14:39:13 +0000
Served asset /application.css - 304 Not Modified (0ms)


Started GET "/assets/application.js?body=1" for 209.189.254.4 at 2016-03-24 14:39:13 +0000
Served asset /application.js - 304 Not Modified (1ms)


Started GET "/assets/jquery.js?body=1" for 209.189.254.4 at 2016-03-24 14:39:13 +0000
Served asset /jquery.js - 304 Not Modified (1ms)


Started GET "/movies/1/edit" for 209.189.254.4 at 2016-03-24 14:40:49 +0000
Processing by MoviesController#edit as HTML
  Parameters: {"id"=>"1"}
  [1m[35mMovie Load (0.2ms)[0m  SELECT "movies".* FROM "movies" WHERE "movies"."id" = ? LIMIT 1  [["id", "1"]]
  Rendered movies/edit.html.haml within layouts/application (3.8ms)
Completed 200 OK in 10.3ms (Views: 8.8ms | ActiveRecord: 0.2ms)


Started GET "/assets/application.css?body=1" for 209.189.254.4 at 2016-03-24 14:40:50 +0000
Served asset /application.css - 304 Not Modified (0ms)


Started GET "/assets/jquery.js?body=1" for 209.189.254.4 at 2016-03-24 14:40:50 +0000
Served asset /jquery.js - 304 Not Modified (0ms)


Started GET "/assets/jquery_ujs.js?body=1" for 209.189.254.4 at 2016-03-24 14:40:50 +0000
Served asset /jquery_ujs.js - 304 Not Modified (0ms)


Started GET "/assets/application.js?body=1" for 209.189.254.4 at 2016-03-24 14:40:50 +0000
Served asset /application.js - 304 Not Modified (2ms)


Started PUT "/movies/1" for 209.189.254.4 at 2016-03-24 14:40:58 +0000
Processing by MoviesController#update as HTML
  Parameters: {"utf8"=>"✓", "authenticity_token"=>"uYtKMcRWphYw6pwUxE4mLFV7EKI+XmqjOidcHmvesM0=", "movie"=>{"title"=>"Aladdin huaj", "director"=>"", "rating"=>"G", "release_date(1i)"=>"1992", "release_date(2i)"=>"11", "release_date(3i)"=>"25"}, "commit"=>"Update Movie Info", "id"=>"1"}
  [1m[36mMovie Load (0.2ms)[0m  [1mSELECT "movies".* FROM "movies" WHERE "movies"."id" = ? LIMIT 1[0m  [["id", "1"]]
  [1m[35m (0.1ms)[0m  begin transaction
WARNING: Can't mass-assign protected attributes: director
  [1m[36m (8.9ms)[0m  [1mUPDATE "movies" SET "title" = 'Aladdin huaj', "updated_at" = '2016-03-24 14:40:58.873499' WHERE "movies"."id" = 1[0m
  [1m[35m (12.6ms)[0m  commit transaction
Redirected to https://tdd-bdd-hw-exxcalibur.c9users.io/movies/1
Completed 302 Found in 82.0ms (ActiveRecord: 21.8ms)


Started GET "/movies/1" for 209.189.254.4 at 2016-03-24 14:40:59 +0000
Processing by MoviesController#show as HTML
  Parameters: {"id"=>"1"}
  [1m[36mMovie Load (0.2ms)[0m  [1mSELECT "movies".* FROM "movies" WHERE "movies"."id" = ? LIMIT 1[0m  [["id", "1"]]
  Rendered movies/show.html.haml within layouts/application (1.3ms)
Completed 200 OK in 7.4ms (Views: 6.1ms | ActiveRecord: 0.2ms)


Started GET "/assets/application.css?body=1" for 209.189.254.4 at 2016-03-24 14:40:59 +0000
Served asset /application.css - 304 Not Modified (0ms)


Started GET "/assets/jquery.js?body=1" for 209.189.254.4 at 2016-03-24 14:40:59 +0000
Served asset /jquery.js - 304 Not Modified (1ms)


Started GET "/assets/jquery_ujs.js?body=1" for 209.189.254.4 at 2016-03-24 14:40:59 +0000
Served asset /jquery_ujs.js - 304 Not Modified (0ms)


Started GET "/assets/application.js?body=1" for 209.189.254.4 at 2016-03-24 14:40:59 +0000
Served asset /application.js - 304 Not Modified (2ms)


Started GET "/movies" for 209.189.254.4 at 2016-03-24 14:41:03 +0000
Processing by MoviesController#index as HTML
  [1m[35mMovie Load (0.4ms)[0m  SELECT "movies".* FROM "movies" WHERE "movies"."rating" IN ('G', 'PG', 'PG-13', 'NC-17', 'R')
  Rendered movies/index.html.haml within layouts/application (7.9ms)
Completed 200 OK in 15.7ms (Views: 13.3ms | ActiveRecord: 0.4ms)


Started GET "/assets/application.css?body=1" for 209.189.254.4 at 2016-03-24 14:41:03 +0000
Served asset /application.css - 304 Not Modified (1ms)


Started GET "/assets/jquery.js?body=1" for 209.189.254.4 at 2016-03-24 14:41:03 +0000
Served asset /jquery.js - 304 Not Modified (0ms)


Started GET "/assets/application.js?body=1" for 209.189.254.4 at 2016-03-24 14:41:03 +0000
Served asset /application.js - 304 Not Modified (1ms)


Started GET "/assets/jquery_ujs.js?body=1" for 209.189.254.4 at 2016-03-24 14:41:03 +0000
Served asset /jquery_ujs.js - 304 Not Modified (0ms)


Started GET "/movies/1" for 209.189.254.4 at 2016-03-24 14:41:08 +0000
Processing by MoviesController#show as HTML
  Parameters: {"id"=>"1"}
  [1m[36mMovie Load (0.2ms)[0m  [1mSELECT "movies".* FROM "movies" WHERE "movies"."id" = ? LIMIT 1[0m  [["id", "1"]]
  Rendered movies/show.html.haml within layouts/application (1.5ms)
Completed 200 OK in 7.5ms (Views: 6.1ms | ActiveRecord: 0.2ms)


Started GET "/assets/jquery.js?body=1" for 209.189.254.4 at 2016-03-24 14:41:08 +0000
Served asset /jquery.js - 304 Not Modified (2ms)


Started GET "/assets/application.css?body=1" for 209.189.254.4 at 2016-03-24 14:41:08 +0000
Served asset /application.css - 304 Not Modified (1ms)


Started GET "/assets/application.js?body=1" for 209.189.254.4 at 2016-03-24 14:41:08 +0000
Served asset /application.js - 304 Not Modified (1ms)


Started GET "/assets/jquery_ujs.js?body=1" for 209.189.254.4 at 2016-03-24 14:41:08 +0000
Served asset /jquery_ujs.js - 304 Not Modified (0ms)


Started GET "/movies/1/edit" for 209.189.254.4 at 2016-03-24 14:48:35 +0000
Processing by MoviesController#edit as HTML
  Parameters: {"id"=>"1"}
  [1m[35mMovie Load (0.2ms)[0m  SELECT "movies".* FROM "movies" WHERE "movies"."id" = ? LIMIT 1  [["id", "1"]]
  Rendered movies/edit.html.haml within layouts/application (5.5ms)
Completed 200 OK in 12.6ms (Views: 10.9ms | ActiveRecord: 0.2ms)


Started GET "/assets/application.css?body=1" for 209.189.254.4 at 2016-03-24 14:48:35 +0000
Served asset /application.css - 304 Not Modified (0ms)


Started GET "/assets/jquery.js?body=1" for 209.189.254.4 at 2016-03-24 14:48:35 +0000
Served asset /jquery.js - 304 Not Modified (1ms)


Started GET "/assets/jquery_ujs.js?body=1" for 209.189.254.4 at 2016-03-24 14:48:35 +0000
Served asset /jquery_ujs.js - 304 Not Modified (0ms)


Started GET "/assets/application.js?body=1" for 209.189.254.4 at 2016-03-24 14:48:35 +0000
Served asset /application.js - 304 Not Modified (1ms)


Started PUT "/movies/1" for 209.189.254.4 at 2016-03-24 14:48:42 +0000
Processing by MoviesController#update as HTML
  Parameters: {"utf8"=>"✓", "authenticity_token"=>"uYtKMcRWphYw6pwUxE4mLFV7EKI+XmqjOidcHmvesM0=", "movie"=>{"title"=>"Aladdin huaj", "director"=>"fsdfsd", "rating"=>"G", "release_date(1i)"=>"1992", "release_date(2i)"=>"11", "release_date(3i)"=>"25"}, "commit"=>"Update Movie Info", "id"=>"1"}
  [1m[36mMovie Load (0.2ms)[0m  [1mSELECT "movies".* FROM "movies" WHERE "movies"."id" = ? LIMIT 1[0m  [["id", "1"]]
  [1m[35m (0.1ms)[0m  begin transaction
WARNING: Can't mass-assign protected attributes: director
  [1m[36m (0.0ms)[0m  [1mcommit transaction[0m
Redirected to https://tdd-bdd-hw-exxcalibur.c9users.io/movies/1
Completed 302 Found in 3.5ms (ActiveRecord: 0.3ms)


Started GET "/movies/1" for 209.189.254.4 at 2016-03-24 14:48:42 +0000
Processing by MoviesController#show as HTML
  Parameters: {"id"=>"1"}
  [1m[35mMovie Load (0.2ms)[0m  SELECT "movies".* FROM "movies" WHERE "movies"."id" = ? LIMIT 1  [["id", "1"]]
  Rendered movies/show.html.haml within layouts/application (1.9ms)
Completed 200 OK in 9.5ms (Views: 8.5ms | ActiveRecord: 0.2ms)


Started GET "/assets/jquery.js?body=1" for 209.189.254.4 at 2016-03-24 14:48:42 +0000
Served asset /jquery.js - 304 Not Modified (1ms)


Started GET "/assets/application.css?body=1" for 209.189.254.4 at 2016-03-24 14:48:42 +0000
Served asset /application.css - 304 Not Modified (0ms)


Started GET "/assets/jquery_ujs.js?body=1" for 209.189.254.4 at 2016-03-24 14:48:42 +0000
Served asset /jquery_ujs.js - 304 Not Modified (0ms)


Started GET "/assets/application.js?body=1" for 209.189.254.4 at 2016-03-24 14:48:42 +0000
Served asset /application.js - 304 Not Modified (2ms)


Started GET "/" for 209.189.254.4 at 2016-03-24 14:50:30 +0000
Connecting to database specified by database.yml

ActionController::RoutingError (No route matches [GET] "/"):
  actionpack (3.2.18) lib/action_dispatch/middleware/debug_exceptions.rb:21:in `call'
  actionpack (3.2.18) lib/action_dispatch/middleware/show_exceptions.rb:56:in `call'
  railties (3.2.18) lib/rails/rack/logger.rb:32:in `call_app'
  railties (3.2.18) lib/rails/rack/logger.rb:16:in `block in call'
  activesupport (3.2.18) lib/active_support/tagged_logging.rb:22:in `tagged'
  railties (3.2.18) lib/rails/rack/logger.rb:16:in `call'
  actionpack (3.2.18) lib/action_dispatch/middleware/request_id.rb:22:in `call'
  rack (1.4.5) lib/rack/methodoverride.rb:21:in `call'
  rack (1.4.5) lib/rack/runtime.rb:17:in `call'
  activesupport (3.2.18) lib/active_support/cache/strategy/local_cache.rb:72:in `call'
  rack (1.4.5) lib/rack/lock.rb:15:in `call'
  actionpack (3.2.18) lib/action_dispatch/middleware/static.rb:63:in `call'
  railties (3.2.18) lib/rails/engine.rb:484:in `call'
  railties (3.2.18) lib/rails/application.rb:231:in `call'
  rack (1.4.5) lib/rack/content_length.rb:14:in `call'
  railties (3.2.18) lib/rails/rack/log_tailer.rb:17:in `call'
  rack (1.4.5) lib/rack/handler/webrick.rb:59:in `service'
  /usr/local/rvm/rubies/ruby-1.9.3-p551/lib/ruby/1.9.1/webrick/httpserver.rb:138:in `service'
  /usr/local/rvm/rubies/ruby-1.9.3-p551/lib/ruby/1.9.1/webrick/httpserver.rb:94:in `run'
  /usr/local/rvm/rubies/ruby-1.9.3-p551/lib/ruby/1.9.1/webrick/server.rb:191:in `block in start_thread'


  Rendered /usr/local/rvm/gems/ruby-1.9.3-p551/gems/actionpack-3.2.18/lib/action_dispatch/middleware/templates/rescues/routing_error.erb within rescues/layout (6.1ms)


Started GET "/movies" for 209.189.254.4 at 2016-03-24 14:50:37 +0000
Processing by MoviesController#index as HTML
  [1m[36mMovie Load (0.3ms)[0m  [1mSELECT "movies".* FROM "movies" WHERE "movies"."rating" IN ('G', 'PG', 'PG-13', 'NC-17', 'R')[0m
  Rendered movies/index.html.haml within layouts/application (21.0ms)
Completed 200 OK in 207.5ms (Views: 46.2ms | ActiveRecord: 5.4ms)


Started GET "/assets/application.js?body=1" for 209.189.254.4 at 2016-03-24 14:50:37 +0000
Served asset /application.js - 304 Not Modified (56ms)


Started GET "/assets/jquery.js?body=1" for 209.189.254.4 at 2016-03-24 14:50:37 +0000
Served asset /jquery.js - 304 Not Modified (5ms)


Started GET "/assets/application.css?body=1" for 209.189.254.4 at 2016-03-24 14:50:37 +0000
Served asset /application.css - 304 Not Modified (2ms)


Started GET "/assets/jquery_ujs.js?body=1" for 209.189.254.4 at 2016-03-24 14:50:37 +0000
Served asset /jquery_ujs.js - 304 Not Modified (2ms)


Started GET "/movies/1" for 209.189.254.4 at 2016-03-24 14:50:40 +0000
Processing by MoviesController#show as HTML
  Parameters: {"id"=>"1"}
  [1m[35mMovie Load (0.4ms)[0m  SELECT "movies".* FROM "movies" WHERE "movies"."id" = ? LIMIT 1  [["id", "1"]]
  Rendered movies/show.html.haml within layouts/application (3.3ms)
Completed 200 OK in 13.4ms (Views: 10.1ms | ActiveRecord: 0.4ms)


Started GET "/assets/application.css?body=1" for 209.189.254.4 at 2016-03-24 14:50:40 +0000
Served asset /application.css - 304 Not Modified (0ms)


Started GET "/assets/application.js?body=1" for 209.189.254.4 at 2016-03-24 14:50:40 +0000
Served asset /application.js - 304 Not Modified (2ms)


Started GET "/assets/jquery_ujs.js?body=1" for 209.189.254.4 at 2016-03-24 14:50:40 +0000
Served asset /jquery_ujs.js - 304 Not Modified (0ms)


Started GET "/assets/jquery.js?body=1" for 209.189.254.4 at 2016-03-24 14:50:40 +0000
Served asset /jquery.js - 304 Not Modified (1ms)


Started GET "/movies/1/edit" for 209.189.254.4 at 2016-03-24 14:50:43 +0000
Processing by MoviesController#edit as HTML
  Parameters: {"id"=>"1"}
  [1m[36mMovie Load (0.2ms)[0m  [1mSELECT "movies".* FROM "movies" WHERE "movies"."id" = ? LIMIT 1[0m  [["id", "1"]]
  Rendered movies/edit.html.haml within layouts/application (8.4ms)
Completed 200 OK in 15.8ms (Views: 14.3ms | ActiveRecord: 0.2ms)


Started GET "/assets/application.css?body=1" for 209.189.254.4 at 2016-03-24 14:50:43 +0000
Served asset /application.css - 304 Not Modified (0ms)


Started GET "/assets/jquery.js?body=1" for 209.189.254.4 at 2016-03-24 14:50:43 +0000
Served asset /jquery.js - 304 Not Modified (0ms)


Started GET "/assets/jquery_ujs.js?body=1" for 209.189.254.4 at 2016-03-24 14:50:43 +0000
Served asset /jquery_ujs.js - 304 Not Modified (0ms)


Started GET "/assets/application.js?body=1" for 209.189.254.4 at 2016-03-24 14:50:43 +0000
Served asset /application.js - 304 Not Modified (2ms)


Started PUT "/movies/1" for 209.189.254.4 at 2016-03-24 14:50:46 +0000
Processing by MoviesController#update as HTML
  Parameters: {"utf8"=>"✓", "authenticity_token"=>"uYtKMcRWphYw6pwUxE4mLFV7EKI+XmqjOidcHmvesM0=", "movie"=>{"title"=>"Aladdin huaj", "director"=>"fsdfsd", "rating"=>"G", "release_date(1i)"=>"1992", "release_date(2i)"=>"11", "release_date(3i)"=>"25"}, "commit"=>"Update Movie Info", "id"=>"1"}
  [1m[35mMovie Load (0.2ms)[0m  SELECT "movies".* FROM "movies" WHERE "movies"."id" = ? LIMIT 1  [["id", "1"]]
  [1m[36m (0.1ms)[0m  [1mbegin transaction[0m
WARNING: Can't mass-assign protected attributes: director
  [1m[35m (0.1ms)[0m  commit transaction
Redirected to https://tdd-bdd-hw-exxcalibur.c9users.io/movies/1
Completed 302 Found in 5.8ms (ActiveRecord: 0.4ms)


Started GET "/movies/1" for 209.189.254.4 at 2016-03-24 14:50:46 +0000
Processing by MoviesController#show as HTML
  Parameters: {"id"=>"1"}
  [1m[36mMovie Load (0.2ms)[0m  [1mSELECT "movies".* FROM "movies" WHERE "movies"."id" = ? LIMIT 1[0m  [["id", "1"]]
  Rendered movies/show.html.haml within layouts/application (1.6ms)
Completed 200 OK in 10.7ms (Views: 9.2ms | ActiveRecord: 0.2ms)


Started GET "/assets/application.css?body=1" for 209.189.254.4 at 2016-03-24 14:50:46 +0000
Served asset /application.css - 304 Not Modified (1ms)


Started GET "/assets/application.js?body=1" for 209.189.254.4 at 2016-03-24 14:50:46 +0000
Served asset /application.js - 304 Not Modified (3ms)


Started GET "/assets/jquery.js?body=1" for 209.189.254.4 at 2016-03-24 14:50:46 +0000
Served asset /jquery.js - 304 Not Modified (1ms)


Started GET "/assets/jquery_ujs.js?body=1" for 209.189.254.4 at 2016-03-24 14:50:46 +0000
Served asset /jquery_ujs.js - 304 Not Modified (0ms)


Started GET "/movies" for 209.189.254.4 at 2016-03-24 14:50:49 +0000
Processing by MoviesController#index as HTML
  [1m[35mMovie Load (0.5ms)[0m  SELECT "movies".* FROM "movies" WHERE "movies"."rating" IN ('G', 'PG', 'PG-13', 'NC-17', 'R')
  Rendered movies/index.html.haml within layouts/application (11.8ms)
Completed 200 OK in 33.3ms (Views: 26.1ms | ActiveRecord: 0.5ms)


Started GET "/assets/jquery.js?body=1" for 209.189.254.4 at 2016-03-24 14:50:49 +0000
Served asset /jquery.js - 304 Not Modified (3ms)


Started GET "/assets/application.css?body=1" for 209.189.254.4 at 2016-03-24 14:50:49 +0000
Served asset /application.css - 304 Not Modified (0ms)


Started GET "/assets/application.js?body=1" for 209.189.254.4 at 2016-03-24 14:50:49 +0000
Served asset /application.js - 304 Not Modified (1ms)


Started GET "/assets/jquery_ujs.js?body=1" for 209.189.254.4 at 2016-03-24 14:50:49 +0000
Served asset /jquery_ujs.js - 304 Not Modified (0ms)


Started GET "/movies/1" for 209.189.254.4 at 2016-03-24 14:54:48 +0000
Processing by MoviesController#show as HTML
  Parameters: {"id"=>"1"}
  [1m[36mMovie Load (0.2ms)[0m  [1mSELECT "movies".* FROM "movies" WHERE "movies"."id" = ? LIMIT 1[0m  [["id", "1"]]
  Rendered movies/show.html.haml within layouts/application (2.2ms)
Completed 200 OK in 11.7ms (Views: 9.7ms | ActiveRecord: 0.2ms)


Started GET "/assets/application.css?body=1" for 209.189.254.4 at 2016-03-24 14:54:49 +0000
Served asset /application.css - 304 Not Modified (0ms)


Started GET "/assets/jquery_ujs.js?body=1" for 209.189.254.4 at 2016-03-24 14:54:49 +0000
Served asset /jquery_ujs.js - 304 Not Modified (0ms)


Started GET "/assets/jquery.js?body=1" for 209.189.254.4 at 2016-03-24 14:54:49 +0000
Served asset /jquery.js - 304 Not Modified (2ms)


Started GET "/assets/application.js?body=1" for 209.189.254.4 at 2016-03-24 14:54:49 +0000
Served asset /application.js - 304 Not Modified (1ms)


Started GET "/movies" for 209.189.254.4 at 2016-03-24 14:54:52 +0000
Processing by MoviesController#index as HTML
  [1m[35mMovie Load (0.4ms)[0m  SELECT "movies".* FROM "movies" WHERE "movies"."rating" IN ('G', 'PG', 'PG-13', 'NC-17', 'R')
  Rendered movies/index.html.haml within layouts/application (7.9ms)
Completed 200 OK in 17.0ms (Views: 15.0ms | ActiveRecord: 0.4ms)


Started GET "/assets/jquery_ujs.js?body=1" for 209.189.254.4 at 2016-03-24 14:54:53 +0000
Served asset /jquery_ujs.js - 304 Not Modified (14ms)


Started GET "/assets/jquery.js?body=1" for 209.189.254.4 at 2016-03-24 14:54:53 +0000
Served asset /jquery.js - 304 Not Modified (3ms)


Started GET "/assets/application.js?body=1" for 209.189.254.4 at 2016-03-24 14:54:53 +0000
Served asset /application.js - 304 Not Modified (1ms)


Started GET "/assets/application.css?body=1" for 209.189.254.4 at 2016-03-24 14:54:53 +0000
Served asset /application.css - 304 Not Modified (0ms)


Started GET "/movies/1" for 209.189.254.4 at 2016-03-24 14:54:55 +0000
Processing by MoviesController#show as HTML
  Parameters: {"id"=>"1"}
  [1m[36mMovie Load (0.3ms)[0m  [1mSELECT "movies".* FROM "movies" WHERE "movies"."id" = ? LIMIT 1[0m  [["id", "1"]]
  Rendered movies/show.html.haml within layouts/application (2.2ms)
Completed 200 OK in 14.4ms (Views: 12.1ms | ActiveRecord: 0.3ms)


Started GET "/assets/application.css?body=1" for 209.189.254.4 at 2016-03-24 14:54:55 +0000
Served asset /application.css - 304 Not Modified (0ms)


Started GET "/assets/jquery.js?body=1" for 209.189.254.4 at 2016-03-24 14:54:55 +0000
Served asset /jquery.js - 304 Not Modified (1ms)


Started GET "/assets/application.js?body=1" for 209.189.254.4 at 2016-03-24 14:54:55 +0000
Served asset /application.js - 304 Not Modified (1ms)


Started GET "/assets/jquery_ujs.js?body=1" for 209.189.254.4 at 2016-03-24 14:54:55 +0000
Served asset /jquery_ujs.js - 304 Not Modified (0ms)


Started GET "/movies/1/edit" for 209.189.254.4 at 2016-03-24 14:54:57 +0000
Processing by MoviesController#edit as HTML
  Parameters: {"id"=>"1"}
  [1m[35mMovie Load (0.4ms)[0m  SELECT "movies".* FROM "movies" WHERE "movies"."id" = ? LIMIT 1  [["id", "1"]]
  Rendered movies/edit.html.haml within layouts/application (7.3ms)
Completed 200 OK in 19.1ms (Views: 16.5ms | ActiveRecord: 0.4ms)


Started GET "/assets/application.css?body=1" for 209.189.254.4 at 2016-03-24 14:54:57 +0000
Served asset /application.css - 304 Not Modified (0ms)


Started GET "/assets/jquery_ujs.js?body=1" for 209.189.254.4 at 2016-03-24 14:54:57 +0000
Served asset /jquery_ujs.js - 304 Not Modified (2ms)


Started GET "/assets/jquery.js?body=1" for 209.189.254.4 at 2016-03-24 14:54:57 +0000
Served asset /jquery.js - 304 Not Modified (1ms)


Started GET "/assets/application.js?body=1" for 209.189.254.4 at 2016-03-24 14:54:57 +0000
Served asset /application.js - 304 Not Modified (1ms)


Started PUT "/movies/1" for 209.189.254.4 at 2016-03-24 14:55:02 +0000
Processing by MoviesController#update as HTML
  Parameters: {"utf8"=>"✓", "authenticity_token"=>"uYtKMcRWphYw6pwUxE4mLFV7EKI+XmqjOidcHmvesM0=", "movie"=>{"title"=>"Aladdin huaj", "director"=>"gdfgf", "rating"=>"PG-13", "release_date(1i)"=>"1992", "release_date(2i)"=>"11", "release_date(3i)"=>"25"}, "commit"=>"Update Movie Info", "id"=>"1"}
  [1m[36mMovie Load (0.2ms)[0m  [1mSELECT "movies".* FROM "movies" WHERE "movies"."id" = ? LIMIT 1[0m  [["id", "1"]]
  [1m[35m (0.1ms)[0m  begin transaction
WARNING: Can't mass-assign protected attributes: director
  [1m[36m (17.2ms)[0m  [1mUPDATE "movies" SET "rating" = 'PG-13', "updated_at" = '2016-03-24 14:55:02.904312' WHERE "movies"."id" = 1[0m
  [1m[35m (10.0ms)[0m  commit transaction
Redirected to https://tdd-bdd-hw-exxcalibur.c9users.io/movies/1
Completed 302 Found in 81.6ms (ActiveRecord: 27.6ms)


Started GET "/movies/1" for 209.189.254.4 at 2016-03-24 14:55:03 +0000
Processing by MoviesController#show as HTML
  Parameters: {"id"=>"1"}
  [1m[36mMovie Load (0.2ms)[0m  [1mSELECT "movies".* FROM "movies" WHERE "movies"."id" = ? LIMIT 1[0m  [["id", "1"]]
  Rendered movies/show.html.haml within layouts/application (1.7ms)
Completed 200 OK in 9.6ms (Views: 8.3ms | ActiveRecord: 0.2ms)


Started GET "/assets/application.css?body=1" for 209.189.254.4 at 2016-03-24 14:55:03 +0000
Served asset /application.css - 304 Not Modified (0ms)


Started GET "/assets/jquery.js?body=1" for 209.189.254.4 at 2016-03-24 14:55:03 +0000
Served asset /jquery.js - 304 Not Modified (0ms)


Started GET "/assets/jquery_ujs.js?body=1" for 209.189.254.4 at 2016-03-24 14:55:03 +0000
Served asset /jquery_ujs.js - 304 Not Modified (0ms)


Started GET "/assets/application.js?body=1" for 209.189.254.4 at 2016-03-24 14:55:03 +0000
Served asset /application.js - 304 Not Modified (1ms)


Started GET "/movies" for 209.189.254.4 at 2016-03-24 14:55:07 +0000
Processing by MoviesController#index as HTML
  [1m[35mMovie Load (0.4ms)[0m  SELECT "movies".* FROM "movies" WHERE "movies"."rating" IN ('G', 'PG', 'PG-13', 'NC-17', 'R')
  Rendered movies/index.html.haml within layouts/application (7.6ms)
Completed 200 OK in 16.0ms (Views: 13.9ms | ActiveRecord: 0.4ms)


Started GET "/assets/application.css?body=1" for 209.189.254.4 at 2016-03-24 14:55:07 +0000
Served asset /application.css - 304 Not Modified (2ms)


Started GET "/assets/jquery.js?body=1" for 209.189.254.4 at 2016-03-24 14:55:07 +0000
Served asset /jquery.js - 304 Not Modified (4ms)


Started GET "/assets/jquery_ujs.js?body=1" for 209.189.254.4 at 2016-03-24 14:55:07 +0000
Served asset /jquery_ujs.js - 304 Not Modified (0ms)


Started GET "/assets/application.js?body=1" for 209.189.254.4 at 2016-03-24 14:55:07 +0000
Served asset /application.js - 304 Not Modified (2ms)


Started GET "/movies/1" for 209.189.254.4 at 2016-03-24 14:58:46 +0000
Processing by MoviesController#show as HTML
  Parameters: {"id"=>"1"}
  [1m[36mMovie Load (0.2ms)[0m  [1mSELECT "movies".* FROM "movies" WHERE "movies"."id" = ? LIMIT 1[0m  [["id", "1"]]
  Rendered movies/show.html.haml within layouts/application (1.5ms)
Completed 200 OK in 20.8ms (Views: 9.2ms | ActiveRecord: 0.8ms)


Started GET "/assets/application.css?body=1" for 209.189.254.4 at 2016-03-24 14:58:46 +0000
Served asset /application.css - 304 Not Modified (0ms)


Started GET "/assets/jquery.js?body=1" for 209.189.254.4 at 2016-03-24 14:58:46 +0000
Served asset /jquery.js - 304 Not Modified (2ms)


Started GET "/assets/jquery_ujs.js?body=1" for 209.189.254.4 at 2016-03-24 14:58:46 +0000
Served asset /jquery_ujs.js - 304 Not Modified (0ms)


Started GET "/assets/application.js?body=1" for 209.189.254.4 at 2016-03-24 14:58:46 +0000
Served asset /application.js - 304 Not Modified (1ms)


Started GET "/movies/1/edit" for 209.189.254.4 at 2016-03-24 14:58:48 +0000
Processing by MoviesController#edit as HTML
  Parameters: {"id"=>"1"}
  [1m[35mMovie Load (0.2ms)[0m  SELECT "movies".* FROM "movies" WHERE "movies"."id" = ? LIMIT 1  [["id", "1"]]
  Rendered movies/edit.html.haml within layouts/application (3.4ms)
Completed 200 OK in 11.2ms (Views: 9.7ms | ActiveRecord: 0.2ms)


Started GET "/assets/application.css?body=1" for 209.189.254.4 at 2016-03-24 14:58:48 +0000
Served asset /application.css - 304 Not Modified (0ms)


Started GET "/assets/jquery.js?body=1" for 209.189.254.4 at 2016-03-24 14:58:48 +0000
Served asset /jquery.js - 304 Not Modified (1ms)


Started GET "/assets/application.js?body=1" for 209.189.254.4 at 2016-03-24 14:58:48 +0000
Served asset /application.js - 304 Not Modified (3ms)


Started GET "/assets/jquery_ujs.js?body=1" for 209.189.254.4 at 2016-03-24 14:58:48 +0000
Served asset /jquery_ujs.js - 304 Not Modified (0ms)


Started PUT "/movies/1" for 209.189.254.4 at 2016-03-24 14:58:51 +0000
Processing by MoviesController#update as HTML
  Parameters: {"utf8"=>"✓", "authenticity_token"=>"uYtKMcRWphYw6pwUxE4mLFV7EKI+XmqjOidcHmvesM0=", "movie"=>{"title"=>"Aladdin huaj", "director"=>"fdfds", "rating"=>"PG-13", "release_date(1i)"=>"1992", "release_date(2i)"=>"11", "release_date(3i)"=>"25"}, "commit"=>"Update Movie Info", "id"=>"1"}
  [1m[36mMovie Load (0.3ms)[0m  [1mSELECT "movies".* FROM "movies" WHERE "movies"."id" = ? LIMIT 1[0m  [["id", "1"]]
  [1m[35m (0.1ms)[0m  begin transaction
WARNING: Can't mass-assign protected attributes: director
  [1m[36m (0.1ms)[0m  [1mcommit transaction[0m
Redirected to https://tdd-bdd-hw-exxcalibur.c9users.io/movies/1
Completed 302 Found in 6.9ms (ActiveRecord: 0.5ms)


Started GET "/movies/1" for 209.189.254.4 at 2016-03-24 14:58:51 +0000
Processing by MoviesController#show as HTML
  Parameters: {"id"=>"1"}
  [1m[35mMovie Load (0.9ms)[0m  SELECT "movies".* FROM "movies" WHERE "movies"."id" = ? LIMIT 1  [["id", "1"]]
  Rendered movies/show.html.haml within layouts/application (1.7ms)
Completed 200 OK in 15.4ms (Views: 13.0ms | ActiveRecord: 0.9ms)


Started GET "/assets/application.css?body=1" for 209.189.254.4 at 2016-03-24 14:58:51 +0000
Served asset /application.css - 304 Not Modified (3ms)


Started GET "/assets/jquery.js?body=1" for 209.189.254.4 at 2016-03-24 14:58:51 +0000
Served asset /jquery.js - 304 Not Modified (2ms)


Started GET "/assets/jquery_ujs.js?body=1" for 209.189.254.4 at 2016-03-24 14:58:51 +0000
Served asset /jquery_ujs.js - 304 Not Modified (0ms)


Started GET "/assets/application.js?body=1" for 209.189.254.4 at 2016-03-24 14:58:51 +0000
Served asset /application.js - 304 Not Modified (1ms)
Connecting to database specified by database.yml
  [1m[36m (0.1ms)[0m  [1mselect sqlite_version(*)[0m
  [1m[35m (12.6ms)[0m  CREATE TABLE "schema_migrations" ("version" varchar(255) NOT NULL) 
  [1m[36m (21.8ms)[0m  [1mCREATE UNIQUE INDEX "unique_schema_migrations" ON "schema_migrations" ("version")[0m
  [1m[35m (6.7ms)[0m  SELECT "schema_migrations"."version" FROM "schema_migrations" 
Migrating to CreateMovies (20111119180638)
  [1m[36m (0.0ms)[0m  [1mbegin transaction[0m
  [1m[35m (0.4ms)[0m  CREATE TABLE "movies" ("id" INTEGER PRIMARY KEY AUTOINCREMENT NOT NULL, "title" varchar(255), "rating" varchar(255), "description" text, "release_date" datetime, "created_at" datetime NOT NULL, "updated_at" datetime NOT NULL) 
  [1m[36m (0.1ms)[0m  [1mINSERT INTO "schema_migrations" ("version") VALUES ('20111119180638')[0m
  [1m[35m (22.2ms)[0m  commit transaction
Migrating to AddDirectorToMovies (20160324140611)
  [1m[36m (0.0ms)[0m  [1mbegin transaction[0m
  [1m[35m (0.4ms)[0m  ALTER TABLE "movies" ADD "director" varchar(255)
  [1m[36m (0.1ms)[0m  [1mINSERT INTO "schema_migrations" ("version") VALUES ('20160324140611')[0m
  [1m[35m (11.4ms)[0m  commit transaction
  [1m[36m (0.1ms)[0m  [1mSELECT "schema_migrations"."version" FROM "schema_migrations" [0m
Connecting to database specified by database.yml
  [1m[36m (6.8ms)[0m  [1mSELECT "schema_migrations"."version" FROM "schema_migrations" [0m
WARNING: Can't mass-assign protected attributes: director
  [1m[35m (0.1ms)[0m  begin transaction
  [1m[36mSQL (6.9ms)[0m  [1mINSERT INTO "movies" ("created_at", "description", "director", "rating", "release_date", "title", "updated_at") VALUES (?, ?, ?, ?, ?, ?, ?)[0m  [["created_at", Thu, 24 Mar 2016 15:03:41 UTC +00:00], ["description", nil], ["director", nil], ["rating", "G"], ["release_date", Wed, 25 Nov 1992 00:00:00 UTC +00:00], ["title", "Aladdin"], ["updated_at", Thu, 24 Mar 2016 15:03:41 UTC +00:00]]
  [1m[35m (12.5ms)[0m  commit transaction
WARNING: Can't mass-assign protected attributes: director
  [1m[36m (0.1ms)[0m  [1mbegin transaction[0m
  [1m[35mSQL (0.4ms)[0m  INSERT INTO "movies" ("created_at", "description", "director", "rating", "release_date", "title", "updated_at") VALUES (?, ?, ?, ?, ?, ?, ?)  [["created_at", Thu, 24 Mar 2016 15:03:41 UTC +00:00], ["description", nil], ["director", nil], ["rating", "R"], ["release_date", Fri, 26 Oct 1984 00:00:00 UTC +00:00], ["title", "The Terminator"], ["updated_at", Thu, 24 Mar 2016 15:03:41 UTC +00:00]]
  [1m[36m (8.0ms)[0m  [1mcommit transaction[0m
  [1m[35m (0.0ms)[0m  begin transaction
  [1m[36mSQL (0.4ms)[0m  [1mINSERT INTO "movies" ("created_at", "description", "director", "rating", "release_date", "title", "updated_at") VALUES (?, ?, ?, ?, ?, ?, ?)[0m  [["created_at", Thu, 24 Mar 2016 15:03:41 UTC +00:00], ["description", nil], ["director", nil], ["rating", "R"], ["release_date", Fri, 21 Jul 1989 00:00:00 UTC +00:00], ["title", "When Harry Met Sally"], ["updated_at", Thu, 24 Mar 2016 15:03:41 UTC +00:00]]
  [1m[35m (8.6ms)[0m  commit transaction
  [1m[36m (0.0ms)[0m  [1mbegin transaction[0m
  [1m[35mSQL (0.3ms)[0m  INSERT INTO "movies" ("created_at", "description", "director", "rating", "release_date", "title", "updated_at") VALUES (?, ?, ?, ?, ?, ?, ?)  [["created_at", Thu, 24 Mar 2016 15:03:41 UTC +00:00], ["description", nil], ["director", nil], ["rating", "PG-13"], ["release_date", Wed, 10 Aug 2011 00:00:00 UTC +00:00], ["title", "The Help"], ["updated_at", Thu, 24 Mar 2016 15:03:41 UTC +00:00]]
  [1m[36m (8.0ms)[0m  [1mcommit transaction[0m
  [1m[35m (0.0ms)[0m  begin transaction
  [1m[36mSQL (0.4ms)[0m  [1mINSERT INTO "movies" ("created_at", "description", "director", "rating", "release_date", "title", "updated_at") VALUES (?, ?, ?, ?, ?, ?, ?)[0m  [["created_at", Thu, 24 Mar 2016 15:03:41 UTC +00:00], ["description", nil], ["director", nil], ["rating", "PG-13"], ["release_date", Fri, 05 Jan 2001 00:00:00 UTC +00:00], ["title", "Chocolat"], ["updated_at", Thu, 24 Mar 2016 15:03:41 UTC +00:00]]
  [1m[35m (9.5ms)[0m  commit transaction
  [1m[36m (0.1ms)[0m  [1mbegin transaction[0m
  [1m[35mSQL (0.5ms)[0m  INSERT INTO "movies" ("created_at", "description", "director", "rating", "release_date", "title", "updated_at") VALUES (?, ?, ?, ?, ?, ?, ?)  [["created_at", Thu, 24 Mar 2016 15:03:41 UTC +00:00], ["description", nil], ["director", nil], ["rating", "R"], ["release_date", Wed, 25 Apr 2001 00:00:00 UTC +00:00], ["title", "Amelie"], ["updated_at", Thu, 24 Mar 2016 15:03:41 UTC +00:00]]
  [1m[36m (9.1ms)[0m  [1mcommit transaction[0m
  [1m[35m (0.0ms)[0m  begin transaction
  [1m[36mSQL (0.3ms)[0m  [1mINSERT INTO "movies" ("created_at", "description", "director", "rating", "release_date", "title", "updated_at") VALUES (?, ?, ?, ?, ?, ?, ?)[0m  [["created_at", Thu, 24 Mar 2016 15:03:41 UTC +00:00], ["description", nil], ["director", nil], ["rating", "G"], ["release_date", Sat, 06 Apr 1968 00:00:00 UTC +00:00], ["title", "2001: A Space Odyssey"], ["updated_at", Thu, 24 Mar 2016 15:03:41 UTC +00:00]]
  [1m[35m (7.9ms)[0m  commit transaction
  [1m[36m (0.1ms)[0m  [1mbegin transaction[0m
  [1m[35mSQL (0.4ms)[0m  INSERT INTO "movies" ("created_at", "description", "director", "rating", "release_date", "title", "updated_at") VALUES (?, ?, ?, ?, ?, ?, ?)  [["created_at", Thu, 24 Mar 2016 15:03:41 UTC +00:00], ["description", nil], ["director", nil], ["rating", "PG"], ["release_date", Fri, 05 Nov 2004 00:00:00 UTC +00:00], ["title", "The Incredibles"], ["updated_at", Thu, 24 Mar 2016 15:03:41 UTC +00:00]]
  [1m[36m (9.6ms)[0m  [1mcommit transaction[0m
  [1m[35m (0.0ms)[0m  begin transaction
  [1m[36mSQL (0.3ms)[0m  [1mINSERT INTO "movies" ("created_at", "description", "director", "rating", "release_date", "title", "updated_at") VALUES (?, ?, ?, ?, ?, ?, ?)[0m  [["created_at", Thu, 24 Mar 2016 15:03:41 UTC +00:00], ["description", nil], ["director", nil], ["rating", "PG"], ["release_date", Fri, 12 Jun 1981 00:00:00 UTC +00:00], ["title", "Raiders of the Lost Ark"], ["updated_at", Thu, 24 Mar 2016 15:03:41 UTC +00:00]]
  [1m[35m (9.1ms)[0m  commit transaction
  [1m[36m (0.0ms)[0m  [1mbegin transaction[0m
  [1m[35mSQL (0.5ms)[0m  INSERT INTO "movies" ("created_at", "description", "director", "rating", "release_date", "title", "updated_at") VALUES (?, ?, ?, ?, ?, ?, ?)  [["created_at", Thu, 24 Mar 2016 15:03:41 UTC +00:00], ["description", nil], ["director", nil], ["rating", "G"], ["release_date", Wed, 21 Jun 2000 00:00:00 UTC +00:00], ["title", "Chicken Run"], ["updated_at", Thu, 24 Mar 2016 15:03:41 UTC +00:00]]
  [1m[36m (9.0ms)[0m  [1mcommit transaction[0m
Connecting to database specified by database.yml
  [1m[36m (0.2ms)[0m  [1mselect sqlite_version(*)[0m
  [1m[35m (13.5ms)[0m  CREATE TABLE "schema_migrations" ("version" varchar(255) NOT NULL) 
  [1m[36m (8.8ms)[0m  [1mCREATE UNIQUE INDEX "unique_schema_migrations" ON "schema_migrations" ("version")[0m
  [1m[35m (9.7ms)[0m  SELECT "schema_migrations"."version" FROM "schema_migrations" 
Migrating to CreateMovies (20111119180638)
  [1m[36m (0.0ms)[0m  [1mbegin transaction[0m
  [1m[35m (0.5ms)[0m  CREATE TABLE "movies" ("id" INTEGER PRIMARY KEY AUTOINCREMENT NOT NULL, "title" varchar(255), "rating" varchar(255), "newdir" varchar(255), "description" text, "release_date" datetime, "created_at" datetime NOT NULL, "updated_at" datetime NOT NULL) 
  [1m[36m (0.1ms)[0m  [1mINSERT INTO "schema_migrations" ("version") VALUES ('20111119180638')[0m
  [1m[35m (7.9ms)[0m  commit transaction
Migrating to AddDirectorToMovies (20160324140611)
  [1m[36m (0.1ms)[0m  [1mbegin transaction[0m
  [1m[35m (0.7ms)[0m  ALTER TABLE "movies" ADD "director" varchar(255)
  [1m[36m (0.1ms)[0m  [1mINSERT INTO "schema_migrations" ("version") VALUES ('20160324140611')[0m
  [1m[35m (9.9ms)[0m  commit transaction
  [1m[36m (0.3ms)[0m  [1mSELECT "schema_migrations"."version" FROM "schema_migrations" [0m
Connecting to database specified by database.yml
  [1m[36m (6.4ms)[0m  [1mSELECT "schema_migrations"."version" FROM "schema_migrations" [0m
WARNING: Can't mass-assign protected attributes: newdir
  [1m[35m (0.1ms)[0m  begin transaction
  [1m[36mSQL (7.8ms)[0m  [1mINSERT INTO "movies" ("created_at", "description", "director", "newdir", "rating", "release_date", "title", "updated_at") VALUES (?, ?, ?, ?, ?, ?, ?, ?)[0m  [["created_at", Thu, 24 Mar 2016 15:10:38 UTC +00:00], ["description", nil], ["director", nil], ["newdir", nil], ["rating", "G"], ["release_date", Wed, 25 Nov 1992 00:00:00 UTC +00:00], ["title", "Aladdin"], ["updated_at", Thu, 24 Mar 2016 15:10:38 UTC +00:00]]
  [1m[35m (12.7ms)[0m  commit transaction
WARNING: Can't mass-assign protected attributes: director
  [1m[36m (0.1ms)[0m  [1mbegin transaction[0m
  [1m[35mSQL (4.5ms)[0m  INSERT INTO "movies" ("created_at", "description", "director", "newdir", "rating", "release_date", "title", "updated_at") VALUES (?, ?, ?, ?, ?, ?, ?, ?)  [["created_at", Thu, 24 Mar 2016 15:10:38 UTC +00:00], ["description", nil], ["director", nil], ["newdir", nil], ["rating", "R"], ["release_date", Fri, 26 Oct 1984 00:00:00 UTC +00:00], ["title", "The Terminator"], ["updated_at", Thu, 24 Mar 2016 15:10:38 UTC +00:00]]
  [1m[36m (13.9ms)[0m  [1mcommit transaction[0m
  [1m[35m (0.1ms)[0m  begin transaction
  [1m[36mSQL (0.5ms)[0m  [1mINSERT INTO "movies" ("created_at", "description", "director", "newdir", "rating", "release_date", "title", "updated_at") VALUES (?, ?, ?, ?, ?, ?, ?, ?)[0m  [["created_at", Thu, 24 Mar 2016 15:10:38 UTC +00:00], ["description", nil], ["director", nil], ["newdir", nil], ["rating", "R"], ["release_date", Fri, 21 Jul 1989 00:00:00 UTC +00:00], ["title", "When Harry Met Sally"], ["updated_at", Thu, 24 Mar 2016 15:10:38 UTC +00:00]]
  [1m[35m (14.4ms)[0m  commit transaction
  [1m[36m (0.1ms)[0m  [1mbegin transaction[0m
  [1m[35mSQL (0.6ms)[0m  INSERT INTO "movies" ("created_at", "description", "director", "newdir", "rating", "release_date", "title", "updated_at") VALUES (?, ?, ?, ?, ?, ?, ?, ?)  [["created_at", Thu, 24 Mar 2016 15:10:38 UTC +00:00], ["description", nil], ["director", nil], ["newdir", nil], ["rating", "PG-13"], ["release_date", Wed, 10 Aug 2011 00:00:00 UTC +00:00], ["title", "The Help"], ["updated_at", Thu, 24 Mar 2016 15:10:38 UTC +00:00]]
  [1m[36m (8.7ms)[0m  [1mcommit transaction[0m
  [1m[35m (0.1ms)[0m  begin transaction
  [1m[36mSQL (0.5ms)[0m  [1mINSERT INTO "movies" ("created_at", "description", "director", "newdir", "rating", "release_date", "title", "updated_at") VALUES (?, ?, ?, ?, ?, ?, ?, ?)[0m  [["created_at", Thu, 24 Mar 2016 15:10:38 UTC +00:00], ["description", nil], ["director", nil], ["newdir", nil], ["rating", "PG-13"], ["release_date", Fri, 05 Jan 2001 00:00:00 UTC +00:00], ["title", "Chocolat"], ["updated_at", Thu, 24 Mar 2016 15:10:38 UTC +00:00]]
  [1m[35m (10.1ms)[0m  commit transaction
  [1m[36m (0.1ms)[0m  [1mbegin transaction[0m
  [1m[35mSQL (0.5ms)[0m  INSERT INTO "movies" ("created_at", "description", "director", "newdir", "rating", "release_date", "title", "updated_at") VALUES (?, ?, ?, ?, ?, ?, ?, ?)  [["created_at", Thu, 24 Mar 2016 15:10:38 UTC +00:00], ["description", nil], ["director", nil], ["newdir", nil], ["rating", "R"], ["release_date", Wed, 25 Apr 2001 00:00:00 UTC +00:00], ["title", "Amelie"], ["updated_at", Thu, 24 Mar 2016 15:10:38 UTC +00:00]]
  [1m[36m (12.7ms)[0m  [1mcommit transaction[0m
  [1m[35m (0.1ms)[0m  begin transaction
  [1m[36mSQL (1.2ms)[0m  [1mINSERT INTO "movies" ("created_at", "description", "director", "newdir", "rating", "release_date", "title", "updated_at") VALUES (?, ?, ?, ?, ?, ?, ?, ?)[0m  [["created_at", Thu, 24 Mar 2016 15:10:38 UTC +00:00], ["description", nil], ["director", nil], ["newdir", nil], ["rating", "G"], ["release_date", Sat, 06 Apr 1968 00:00:00 UTC +00:00], ["title", "2001: A Space Odyssey"], ["updated_at", Thu, 24 Mar 2016 15:10:38 UTC +00:00]]
  [1m[35m (9.6ms)[0m  commit transaction
  [1m[36m (0.1ms)[0m  [1mbegin transaction[0m
  [1m[35mSQL (0.5ms)[0m  INSERT INTO "movies" ("created_at", "description", "director", "newdir", "rating", "release_date", "title", "updated_at") VALUES (?, ?, ?, ?, ?, ?, ?, ?)  [["created_at", Thu, 24 Mar 2016 15:10:38 UTC +00:00], ["description", nil], ["director", nil], ["newdir", nil], ["rating", "PG"], ["release_date", Fri, 05 Nov 2004 00:00:00 UTC +00:00], ["title", "The Incredibles"], ["updated_at", Thu, 24 Mar 2016 15:10:38 UTC +00:00]]
  [1m[36m (22.3ms)[0m  [1mcommit transaction[0m
  [1m[35m (0.1ms)[0m  begin transaction
  [1m[36mSQL (1.5ms)[0m  [1mINSERT INTO "movies" ("created_at", "description", "director", "newdir", "rating", "release_date", "title", "updated_at") VALUES (?, ?, ?, ?, ?, ?, ?, ?)[0m  [["created_at", Thu, 24 Mar 2016 15:10:38 UTC +00:00], ["description", nil], ["director", nil], ["newdir", nil], ["rating", "PG"], ["release_date", Fri, 12 Jun 1981 00:00:00 UTC +00:00], ["title", "Raiders of the Lost Ark"], ["updated_at", Thu, 24 Mar 2016 15:10:38 UTC +00:00]]
  [1m[35m (13.0ms)[0m  commit transaction
  [1m[36m (0.1ms)[0m  [1mbegin transaction[0m
  [1m[35mSQL (0.6ms)[0m  INSERT INTO "movies" ("created_at", "description", "director", "newdir", "rating", "release_date", "title", "updated_at") VALUES (?, ?, ?, ?, ?, ?, ?, ?)  [["created_at", Thu, 24 Mar 2016 15:10:38 UTC +00:00], ["description", nil], ["director", nil], ["newdir", nil], ["rating", "G"], ["release_date", Wed, 21 Jun 2000 00:00:00 UTC +00:00], ["title", "Chicken Run"], ["updated_at", Thu, 24 Mar 2016 15:10:38 UTC +00:00]]
  [1m[36m (10.4ms)[0m  [1mcommit transaction[0m
Connecting to database specified by database.yml
  [1m[36m (0.2ms)[0m  [1mselect sqlite_version(*)[0m
  [1m[35m (18.3ms)[0m  CREATE TABLE "schema_migrations" ("version" varchar(255) NOT NULL) 
  [1m[36m (7.0ms)[0m  [1mCREATE UNIQUE INDEX "unique_schema_migrations" ON "schema_migrations" ("version")[0m
  [1m[35m (7.1ms)[0m  SELECT "schema_migrations"."version" FROM "schema_migrations" 
Migrating to CreateMovies (20111119180638)
  [1m[36m (0.0ms)[0m  [1mbegin transaction[0m
  [1m[35m (0.5ms)[0m  CREATE TABLE "movies" ("id" INTEGER PRIMARY KEY AUTOINCREMENT NOT NULL, "title" varchar(255), "rating" varchar(255), "description" text, "release_date" datetime, "created_at" datetime NOT NULL, "updated_at" datetime NOT NULL) 
  [1m[36m (0.1ms)[0m  [1mINSERT INTO "schema_migrations" ("version") VALUES ('20111119180638')[0m
  [1m[35m (12.1ms)[0m  commit transaction
Migrating to AddDirectorToMovies (20160324140611)
  [1m[36m (0.0ms)[0m  [1mbegin transaction[0m
  [1m[35m (0.4ms)[0m  ALTER TABLE "movies" ADD "director" varchar(255)
  [1m[36m (0.1ms)[0m  [1mINSERT INTO "schema_migrations" ("version") VALUES ('20160324140611')[0m
  [1m[35m (9.0ms)[0m  commit transaction
  [1m[36m (0.1ms)[0m  [1mSELECT "schema_migrations"."version" FROM "schema_migrations" [0m
Connecting to database specified by database.yml
  [1m[36m (7.0ms)[0m  [1mSELECT "schema_migrations"."version" FROM "schema_migrations" [0m
  [1m[35m (0.1ms)[0m  begin transaction
  [1m[36mSQL (6.6ms)[0m  [1mINSERT INTO "movies" ("created_at", "description", "director", "rating", "release_date", "title", "updated_at") VALUES (?, ?, ?, ?, ?, ?, ?)[0m  [["created_at", Thu, 24 Mar 2016 15:13:32 UTC +00:00], ["description", nil], ["director", "xudong huang"], ["rating", "G"], ["release_date", Wed, 25 Nov 1992 00:00:00 UTC +00:00], ["title", "Aladdin"], ["updated_at", Thu, 24 Mar 2016 15:13:32 UTC +00:00]]
  [1m[35m (12.4ms)[0m  commit transaction
  [1m[36m (0.1ms)[0m  [1mbegin transaction[0m
  [1m[35mSQL (0.4ms)[0m  INSERT INTO "movies" ("created_at", "description", "director", "rating", "release_date", "title", "updated_at") VALUES (?, ?, ?, ?, ?, ?, ?)  [["created_at", Thu, 24 Mar 2016 15:13:32 UTC +00:00], ["description", nil], ["director", "xudong huang"], ["rating", "R"], ["release_date", Fri, 26 Oct 1984 00:00:00 UTC +00:00], ["title", "The Terminator"], ["updated_at", Thu, 24 Mar 2016 15:13:32 UTC +00:00]]
  [1m[36m (9.7ms)[0m  [1mcommit transaction[0m
  [1m[35m (0.0ms)[0m  begin transaction
  [1m[36mSQL (0.4ms)[0m  [1mINSERT INTO "movies" ("created_at", "description", "director", "rating", "release_date", "title", "updated_at") VALUES (?, ?, ?, ?, ?, ?, ?)[0m  [["created_at", Thu, 24 Mar 2016 15:13:32 UTC +00:00], ["description", nil], ["director", nil], ["rating", "R"], ["release_date", Fri, 21 Jul 1989 00:00:00 UTC +00:00], ["title", "When Harry Met Sally"], ["updated_at", Thu, 24 Mar 2016 15:13:32 UTC +00:00]]
  [1m[35m (9.7ms)[0m  commit transaction
  [1m[36m (0.0ms)[0m  [1mbegin transaction[0m
  [1m[35mSQL (0.4ms)[0m  INSERT INTO "movies" ("created_at", "description", "director", "rating", "release_date", "title", "updated_at") VALUES (?, ?, ?, ?, ?, ?, ?)  [["created_at", Thu, 24 Mar 2016 15:13:32 UTC +00:00], ["description", nil], ["director", nil], ["rating", "PG-13"], ["release_date", Wed, 10 Aug 2011 00:00:00 UTC +00:00], ["title", "The Help"], ["updated_at", Thu, 24 Mar 2016 15:13:32 UTC +00:00]]
  [1m[36m (9.6ms)[0m  [1mcommit transaction[0m
  [1m[35m (0.1ms)[0m  begin transaction
  [1m[36mSQL (0.3ms)[0m  [1mINSERT INTO "movies" ("created_at", "description", "director", "rating", "release_date", "title", "updated_at") VALUES (?, ?, ?, ?, ?, ?, ?)[0m  [["created_at", Thu, 24 Mar 2016 15:13:32 UTC +00:00], ["description", nil], ["director", nil], ["rating", "PG-13"], ["release_date", Fri, 05 Jan 2001 00:00:00 UTC +00:00], ["title", "Chocolat"], ["updated_at", Thu, 24 Mar 2016 15:13:32 UTC +00:00]]
  [1m[35m (9.4ms)[0m  commit transaction
  [1m[36m (0.1ms)[0m  [1mbegin transaction[0m
  [1m[35mSQL (0.5ms)[0m  INSERT INTO "movies" ("created_at", "description", "director", "rating", "release_date", "title", "updated_at") VALUES (?, ?, ?, ?, ?, ?, ?)  [["created_at", Thu, 24 Mar 2016 15:13:32 UTC +00:00], ["description", nil], ["director", nil], ["rating", "R"], ["release_date", Wed, 25 Apr 2001 00:00:00 UTC +00:00], ["title", "Amelie"], ["updated_at", Thu, 24 Mar 2016 15:13:32 UTC +00:00]]
  [1m[36m (9.1ms)[0m  [1mcommit transaction[0m
  [1m[35m (0.1ms)[0m  begin transaction
  [1m[36mSQL (0.4ms)[0m  [1mINSERT INTO "movies" ("created_at", "description", "director", "rating", "release_date", "title", "updated_at") VALUES (?, ?, ?, ?, ?, ?, ?)[0m  [["created_at", Thu, 24 Mar 2016 15:13:32 UTC +00:00], ["description", nil], ["director", nil], ["rating", "G"], ["release_date", Sat, 06 Apr 1968 00:00:00 UTC +00:00], ["title", "2001: A Space Odyssey"], ["updated_at", Thu, 24 Mar 2016 15:13:32 UTC +00:00]]
  [1m[35m (7.3ms)[0m  commit transaction
  [1m[36m (0.0ms)[0m  [1mbegin transaction[0m
  [1m[35mSQL (0.4ms)[0m  INSERT INTO "movies" ("created_at", "description", "director", "rating", "release_date", "title", "updated_at") VALUES (?, ?, ?, ?, ?, ?, ?)  [["created_at", Thu, 24 Mar 2016 15:13:32 UTC +00:00], ["description", nil], ["director", nil], ["rating", "PG"], ["release_date", Fri, 05 Nov 2004 00:00:00 UTC +00:00], ["title", "The Incredibles"], ["updated_at", Thu, 24 Mar 2016 15:13:32 UTC +00:00]]
  [1m[36m (9.1ms)[0m  [1mcommit transaction[0m
  [1m[35m (0.1ms)[0m  begin transaction
  [1m[36mSQL (0.6ms)[0m  [1mINSERT INTO "movies" ("created_at", "description", "director", "rating", "release_date", "title", "updated_at") VALUES (?, ?, ?, ?, ?, ?, ?)[0m  [["created_at", Thu, 24 Mar 2016 15:13:32 UTC +00:00], ["description", nil], ["director", nil], ["rating", "PG"], ["release_date", Fri, 12 Jun 1981 00:00:00 UTC +00:00], ["title", "Raiders of the Lost Ark"], ["updated_at", Thu, 24 Mar 2016 15:13:32 UTC +00:00]]
  [1m[35m (10.3ms)[0m  commit transaction
  [1m[36m (0.1ms)[0m  [1mbegin transaction[0m
  [1m[35mSQL (0.4ms)[0m  INSERT INTO "movies" ("created_at", "description", "director", "rating", "release_date", "title", "updated_at") VALUES (?, ?, ?, ?, ?, ?, ?)  [["created_at", Thu, 24 Mar 2016 15:13:32 UTC +00:00], ["description", nil], ["director", nil], ["rating", "G"], ["release_date", Wed, 21 Jun 2000 00:00:00 UTC +00:00], ["title", "Chicken Run"], ["updated_at", Thu, 24 Mar 2016 15:13:32 UTC +00:00]]
  [1m[36m (11.8ms)[0m  [1mcommit transaction[0m


Started GET "/movies" for 209.189.254.4 at 2016-03-24 15:14:16 +0000
Connecting to database specified by database.yml
Processing by MoviesController#index as HTML
  [1m[36mMovie Load (0.2ms)[0m  [1mSELECT "movies".* FROM "movies" WHERE "movies"."rating" IN ('G', 'PG', 'PG-13', 'NC-17', 'R')[0m
  Rendered movies/index.html.haml within layouts/application (53.5ms)
Completed 200 OK in 248.9ms (Views: 126.5ms | ActiveRecord: 4.6ms)


Started GET "/movies" for 209.189.254.4 at 2016-03-24 15:14:17 +0000
Processing by MoviesController#index as HTML
  [1m[35mMovie Load (0.4ms)[0m  SELECT "movies".* FROM "movies" WHERE "movies"."rating" IN ('G', 'PG', 'PG-13', 'NC-17', 'R')
  Rendered movies/index.html.haml within layouts/application (4.8ms)
Completed 200 OK in 13.2ms (Views: 11.3ms | ActiveRecord: 0.4ms)


Started GET "/assets/application.css?body=1" for 209.189.254.4 at 2016-03-24 15:14:17 +0000
Served asset /application.css - 304 Not Modified (33ms)


Started GET "/assets/jquery_ujs.js?body=1" for 209.189.254.4 at 2016-03-24 15:14:17 +0000
Served asset /jquery_ujs.js - 304 Not Modified (6ms)


Started GET "/assets/jquery.js?body=1" for 209.189.254.4 at 2016-03-24 15:14:17 +0000
Served asset /jquery.js - 304 Not Modified (3ms)


Started GET "/assets/application.js?body=1" for 209.189.254.4 at 2016-03-24 15:14:17 +0000
Served asset /application.js - 304 Not Modified (5ms)


Started GET "/movies/3" for 209.189.254.4 at 2016-03-24 15:14:21 +0000
Processing by MoviesController#show as HTML
  Parameters: {"id"=>"3"}
  [1m[36mMovie Load (0.4ms)[0m  [1mSELECT "movies".* FROM "movies" WHERE "movies"."id" = ? LIMIT 1[0m  [["id", "3"]]
  Rendered movies/show.html.haml within layouts/application (5.4ms)
Completed 200 OK in 18.9ms (Views: 15.3ms | ActiveRecord: 0.4ms)


Started GET "/assets/application.js?body=1" for 209.189.254.4 at 2016-03-24 15:14:21 +0000
Served asset /application.js - 304 Not Modified (12ms)


Started GET "/assets/jquery.js?body=1" for 209.189.254.4 at 2016-03-24 15:14:21 +0000
Served asset /jquery.js - 304 Not Modified (1ms)


Started GET "/assets/jquery_ujs.js?body=1" for 209.189.254.4 at 2016-03-24 15:14:21 +0000
Served asset /jquery_ujs.js - 304 Not Modified (0ms)


Started GET "/assets/application.css?body=1" for 209.189.254.4 at 2016-03-24 15:14:21 +0000
Served asset /application.css - 304 Not Modified (2ms)


Started GET "/movies/3/edit" for 209.189.254.4 at 2016-03-24 15:14:23 +0000
Processing by MoviesController#edit as HTML
  Parameters: {"id"=>"3"}
  [1m[35mMovie Load (0.3ms)[0m  SELECT "movies".* FROM "movies" WHERE "movies"."id" = ? LIMIT 1  [["id", "3"]]
  Rendered movies/edit.html.haml within layouts/application (16.7ms)
Completed 200 OK in 31.0ms (Views: 28.6ms | ActiveRecord: 0.3ms)


Started GET "/assets/application.js?body=1" for 209.189.254.4 at 2016-03-24 15:14:23 +0000
Served asset /application.js - 304 Not Modified (2ms)


Started GET "/assets/jquery_ujs.js?body=1" for 209.189.254.4 at 2016-03-24 15:14:23 +0000
Served asset /jquery_ujs.js - 304 Not Modified (0ms)


Started GET "/assets/application.css?body=1" for 209.189.254.4 at 2016-03-24 15:14:23 +0000
Served asset /application.css - 304 Not Modified (0ms)


Started GET "/assets/jquery.js?body=1" for 209.189.254.4 at 2016-03-24 15:14:23 +0000
Served asset /jquery.js - 304 Not Modified (1ms)


Started PUT "/movies/3" for 209.189.254.4 at 2016-03-24 15:14:30 +0000
Processing by MoviesController#update as HTML
  Parameters: {"utf8"=>"✓", "authenticity_token"=>"uYtKMcRWphYw6pwUxE4mLFV7EKI+XmqjOidcHmvesM0=", "movie"=>{"title"=>"When Harry Met Sally", "director"=>"yifeng sun", "rating"=>"R", "release_date(1i)"=>"1989", "release_date(2i)"=>"7", "release_date(3i)"=>"21"}, "commit"=>"Update Movie Info", "id"=>"3"}
  [1m[36mMovie Load (0.2ms)[0m  [1mSELECT "movies".* FROM "movies" WHERE "movies"."id" = ? LIMIT 1[0m  [["id", "3"]]
  [1m[35m (0.1ms)[0m  begin transaction
  [1m[36m (7.6ms)[0m  [1mUPDATE "movies" SET "director" = 'yifeng sun', "updated_at" = '2016-03-24 15:14:30.325797' WHERE "movies"."id" = 3[0m
  [1m[35m (12.8ms)[0m  commit transaction
Redirected to https://tdd-bdd-hw-exxcalibur.c9users.io/movies/3
Completed 302 Found in 36.6ms (ActiveRecord: 20.7ms)


Started GET "/movies/3" for 209.189.254.4 at 2016-03-24 15:14:30 +0000
Processing by MoviesController#show as HTML
  Parameters: {"id"=>"3"}
  [1m[36mMovie Load (0.2ms)[0m  [1mSELECT "movies".* FROM "movies" WHERE "movies"."id" = ? LIMIT 1[0m  [["id", "3"]]
  Rendered movies/show.html.haml within layouts/application (1.2ms)
Completed 200 OK in 8.4ms (Views: 7.0ms | ActiveRecord: 0.2ms)


Started GET "/assets/application.css?body=1" for 209.189.254.4 at 2016-03-24 15:14:30 +0000
Served asset /application.css - 304 Not Modified (0ms)


Started GET "/assets/jquery.js?body=1" for 209.189.254.4 at 2016-03-24 15:14:30 +0000
Served asset /jquery.js - 304 Not Modified (1ms)


Started GET "/assets/jquery_ujs.js?body=1" for 209.189.254.4 at 2016-03-24 15:14:30 +0000
Served asset /jquery_ujs.js - 304 Not Modified (0ms)


Started GET "/assets/application.js?body=1" for 209.189.254.4 at 2016-03-24 15:14:30 +0000
Served asset /application.js - 304 Not Modified (1ms)


Started GET "/movies" for 209.189.254.4 at 2016-03-24 15:14:32 +0000
Processing by MoviesController#index as HTML
  [1m[35mMovie Load (0.3ms)[0m  SELECT "movies".* FROM "movies" WHERE "movies"."rating" IN ('G', 'PG', 'PG-13', 'NC-17', 'R')
  Rendered movies/index.html.haml within layouts/application (5.4ms)
Completed 200 OK in 15.1ms (Views: 13.4ms | ActiveRecord: 0.3ms)


Started GET "/assets/jquery_ujs.js?body=1" for 209.189.254.4 at 2016-03-24 15:14:32 +0000
Served asset /jquery_ujs.js - 304 Not Modified (4ms)


Started GET "/assets/jquery.js?body=1" for 209.189.254.4 at 2016-03-24 15:14:32 +0000
Served asset /jquery.js - 304 Not Modified (3ms)


Started GET "/assets/application.js?body=1" for 209.189.254.4 at 2016-03-24 15:14:32 +0000
Served asset /application.js - 304 Not Modified (1ms)


Started GET "/assets/application.css?body=1" for 209.189.254.4 at 2016-03-24 15:14:32 +0000
Served asset /application.css - 304 Not Modified (0ms)


Started GET "/movies/1" for 209.189.254.4 at 2016-03-25 02:59:25 +0000
Processing by MoviesController#show as HTML
  Parameters: {"id"=>"1"}
  [1m[36mMovie Load (0.2ms)[0m  [1mSELECT "movies".* FROM "movies" WHERE "movies"."id" = ? LIMIT 1[0m  [["id", "1"]]
  Rendered movies/show.html.haml within layouts/application (2.8ms)
Completed 200 OK in 36.7ms (Views: 23.1ms | ActiveRecord: 1.2ms)


Started GET "/assets/application.css?body=1" for 209.189.254.4 at 2016-03-25 02:59:25 +0000
Served asset /application.css - 304 Not Modified (0ms)


Started GET "/assets/jquery.js?body=1" for 209.189.254.4 at 2016-03-25 02:59:25 +0000
Served asset /jquery.js - 304 Not Modified (1ms)


Started GET "/assets/jquery_ujs.js?body=1" for 209.189.254.4 at 2016-03-25 02:59:25 +0000
Served asset /jquery_ujs.js - 304 Not Modified (0ms)


Started GET "/assets/application.js?body=1" for 209.189.254.4 at 2016-03-25 02:59:25 +0000
Served asset /application.js - 304 Not Modified (1ms)


Started GET "/movies/1" for 209.189.254.4 at 2016-03-25 02:59:46 +0000
Processing by MoviesController#show as HTML
  Parameters: {"id"=>"1"}
  [1m[35mMovie Load (0.2ms)[0m  SELECT "movies".* FROM "movies" WHERE "movies"."id" = ? LIMIT 1  [["id", "1"]]
  Rendered movies/show.html.haml within layouts/application (6.1ms)
Completed 200 OK in 16.1ms (Views: 14.1ms | ActiveRecord: 0.2ms)


Started GET "/assets/application.css?body=1" for 209.189.254.4 at 2016-03-25 02:59:47 +0000
Served asset /application.css - 304 Not Modified (0ms)


Started GET "/assets/jquery_ujs.js?body=1" for 209.189.254.4 at 2016-03-25 02:59:47 +0000
Served asset /jquery_ujs.js - 304 Not Modified (0ms)


Started GET "/assets/jquery.js?body=1" for 209.189.254.4 at 2016-03-25 02:59:47 +0000
Served asset /jquery.js - 304 Not Modified (1ms)


Started GET "/assets/application.js?body=1" for 209.189.254.4 at 2016-03-25 02:59:47 +0000
Served asset /application.js - 304 Not Modified (1ms)


Started GET "/movies/find/1" for 209.189.254.4 at 2016-03-25 02:59:49 +0000
Processing by MoviesController#find as HTML
  Parameters: {"id"=>"1"}
  [1m[36mMovie Load (0.2ms)[0m  [1mSELECT "movies".* FROM "movies" WHERE "movies"."id" = ? LIMIT 1[0m  [["id", "1"]]
  [1m[35mMovie Load (0.3ms)[0m  SELECT "movies".* FROM "movies" WHERE "movies"."director" = 'xudong huang'
  Rendered movies/find.html.haml within layouts/application (3.4ms)
Completed 200 OK in 25.1ms (Views: 9.5ms | ActiveRecord: 0.5ms)


Started GET "/assets/application.css?body=1" for 209.189.254.4 at 2016-03-25 02:59:50 +0000
Served asset /application.css - 304 Not Modified (0ms)


Started GET "/assets/jquery_ujs.js?body=1" for 209.189.254.4 at 2016-03-25 02:59:50 +0000
Served asset /jquery_ujs.js - 304 Not Modified (3ms)


Started GET "/assets/jquery.js?body=1" for 209.189.254.4 at 2016-03-25 02:59:50 +0000
Served asset /jquery.js - 304 Not Modified (0ms)


Started GET "/assets/application.js?body=1" for 209.189.254.4 at 2016-03-25 02:59:50 +0000
Served asset /application.js - 304 Not Modified (2ms)


Started GET "/movies" for 209.189.254.4 at 2016-03-25 02:59:53 +0000
Processing by MoviesController#index as HTML
  [1m[36mMovie Load (0.6ms)[0m  [1mSELECT "movies".* FROM "movies" WHERE "movies"."rating" IN ('G', 'PG', 'PG-13', 'NC-17', 'R')[0m
  Rendered movies/index.html.haml within layouts/application (9.2ms)
Completed 200 OK in 26.4ms (Views: 23.0ms | ActiveRecord: 0.6ms)


Started GET "/assets/application.css?body=1" for 209.189.254.4 at 2016-03-25 02:59:53 +0000
Served asset /application.css - 304 Not Modified (0ms)


Started GET "/assets/application.js?body=1" for 209.189.254.4 at 2016-03-25 02:59:53 +0000
Served asset /application.js - 304 Not Modified (2ms)


Started GET "/assets/jquery.js?body=1" for 209.189.254.4 at 2016-03-25 02:59:53 +0000
Served asset /jquery.js - 304 Not Modified (1ms)


Started GET "/assets/jquery_ujs.js?body=1" for 209.189.254.4 at 2016-03-25 02:59:53 +0000
Served asset /jquery_ujs.js - 304 Not Modified (0ms)


Started GET "/movies/5" for 209.189.254.4 at 2016-03-25 02:59:56 +0000
Processing by MoviesController#show as HTML
  Parameters: {"id"=>"5"}
  [1m[35mMovie Load (0.2ms)[0m  SELECT "movies".* FROM "movies" WHERE "movies"."id" = ? LIMIT 1  [["id", "5"]]
  Rendered movies/show.html.haml within layouts/application (1.6ms)
Completed 200 OK in 9.7ms (Views: 8.3ms | ActiveRecord: 0.2ms)


Started GET "/assets/application.css?body=1" for 209.189.254.4 at 2016-03-25 02:59:56 +0000
Served asset /application.css - 304 Not Modified (0ms)


Started GET "/assets/jquery.js?body=1" for 209.189.254.4 at 2016-03-25 02:59:56 +0000
Served asset /jquery.js - 304 Not Modified (0ms)


Started GET "/assets/jquery_ujs.js?body=1" for 209.189.254.4 at 2016-03-25 02:59:56 +0000
Served asset /jquery_ujs.js - 304 Not Modified (0ms)


Started GET "/assets/application.js?body=1" for 209.189.254.4 at 2016-03-25 02:59:56 +0000
Served asset /application.js - 304 Not Modified (1ms)


Started GET "/movies/find/5" for 209.189.254.4 at 2016-03-25 02:59:58 +0000
Processing by MoviesController#find as HTML
  Parameters: {"id"=>"5"}
  [1m[36mMovie Load (0.2ms)[0m  [1mSELECT "movies".* FROM "movies" WHERE "movies"."id" = ? LIMIT 1[0m  [["id", "5"]]
  [1m[35mMovie Load (0.2ms)[0m  SELECT "movies".* FROM "movies" WHERE "movies"."director" IS NULL
Completed 500 Internal Server Error in 3.0ms

NoMethodError (undefined method `empty?' for nil:NilClass):
  app/controllers/movies_controller.rb:12:in `find'


  Rendered /usr/local/rvm/gems/ruby-1.9.3-p551/gems/actionpack-3.2.18/lib/action_dispatch/middleware/templates/rescues/_trace.erb (1.2ms)
  Rendered /usr/local/rvm/gems/ruby-1.9.3-p551/gems/actionpack-3.2.18/lib/action_dispatch/middleware/templates/rescues/_request_and_response.erb (1.1ms)
  Rendered /usr/local/rvm/gems/ruby-1.9.3-p551/gems/actionpack-3.2.18/lib/action_dispatch/middleware/templates/rescues/diagnostics.erb within rescues/layout (30.6ms)


Started GET "/movies/find/5" for 209.189.254.4 at 2016-03-25 03:02:47 +0000
Processing by MoviesController#find as HTML
  Parameters: {"id"=>"5"}
  [1m[36mMovie Load (0.3ms)[0m  [1mSELECT "movies".* FROM "movies" WHERE "movies"."id" = ? LIMIT 1[0m  [["id", "5"]]
  [1m[35mMovie Load (0.2ms)[0m  SELECT "movies".* FROM "movies" WHERE "movies"."director" IS NULL
Completed 500 Internal Server Error in 11.1ms

NoMethodError (undefined method `empty?' for nil:NilClass):
  app/controllers/movies_controller.rb:12:in `find'


  Rendered /usr/local/rvm/gems/ruby-1.9.3-p551/gems/actionpack-3.2.18/lib/action_dispatch/middleware/templates/rescues/_trace.erb (0.9ms)
  Rendered /usr/local/rvm/gems/ruby-1.9.3-p551/gems/actionpack-3.2.18/lib/action_dispatch/middleware/templates/rescues/_request_and_response.erb (0.9ms)
  Rendered /usr/local/rvm/gems/ruby-1.9.3-p551/gems/actionpack-3.2.18/lib/action_dispatch/middleware/templates/rescues/diagnostics.erb within rescues/layout (23.9ms)


Started GET "/movies/find/5" for 209.189.254.4 at 2016-03-25 03:02:54 +0000
Processing by MoviesController#find as HTML
  Parameters: {"id"=>"5"}
  [1m[36mMovie Load (0.2ms)[0m  [1mSELECT "movies".* FROM "movies" WHERE "movies"."id" = ? LIMIT 1[0m  [["id", "5"]]
  [1m[35mMovie Load (0.2ms)[0m  SELECT "movies".* FROM "movies" WHERE "movies"."director" IS NULL
Completed 500 Internal Server Error in 2.4ms

NoMethodError (undefined method `empty?' for nil:NilClass):
  app/controllers/movies_controller.rb:12:in `find'


  Rendered /usr/local/rvm/gems/ruby-1.9.3-p551/gems/actionpack-3.2.18/lib/action_dispatch/middleware/templates/rescues/_trace.erb (1.2ms)
  Rendered /usr/local/rvm/gems/ruby-1.9.3-p551/gems/actionpack-3.2.18/lib/action_dispatch/middleware/templates/rescues/_request_and_response.erb (1.6ms)
  Rendered /usr/local/rvm/gems/ruby-1.9.3-p551/gems/actionpack-3.2.18/lib/action_dispatch/middleware/templates/rescues/diagnostics.erb within rescues/layout (25.4ms)


Started GET "/movies/find/5" for 209.189.254.4 at 2016-03-25 03:03:07 +0000
Processing by MoviesController#find as HTML
  Parameters: {"id"=>"5"}
  [1m[36mMovie Load (0.2ms)[0m  [1mSELECT "movies".* FROM "movies" WHERE "movies"."id" = ? LIMIT 1[0m  [["id", "5"]]
  [1m[35mMovie Load (0.2ms)[0m  SELECT "movies".* FROM "movies" WHERE "movies"."director" IS NULL
  Rendered movies/find.html.haml within layouts/application (3.7ms)
Completed 200 OK in 21.5ms (Views: 11.1ms | ActiveRecord: 1.1ms)


Started GET "/assets/jquery.js?body=1" for 209.189.254.4 at 2016-03-25 03:03:07 +0000
Served asset /jquery.js - 304 Not Modified (2ms)


Started GET "/assets/application.css?body=1" for 209.189.254.4 at 2016-03-25 03:03:07 +0000
Served asset /application.css - 304 Not Modified (0ms)


Started GET "/assets/application.js?body=1" for 209.189.254.4 at 2016-03-25 03:03:07 +0000
Served asset /application.js - 304 Not Modified (1ms)


Started GET "/assets/jquery_ujs.js?body=1" for 209.189.254.4 at 2016-03-25 03:03:07 +0000
Served asset /jquery_ujs.js - 304 Not Modified (0ms)


Started GET "/movies/4" for 209.189.254.4 at 2016-03-25 03:04:02 +0000
Processing by MoviesController#show as HTML
  Parameters: {"id"=>"4"}
  [1m[36mMovie Load (0.2ms)[0m  [1mSELECT "movies".* FROM "movies" WHERE "movies"."id" = ? LIMIT 1[0m  [["id", "4"]]
  Rendered movies/show.html.haml within layouts/application (2.0ms)
Completed 200 OK in 61.3ms (Views: 10.2ms | ActiveRecord: 0.9ms)


Started GET "/assets/application.css?body=1" for 209.189.254.4 at 2016-03-25 03:04:03 +0000
Served asset /application.css - 304 Not Modified (0ms)


Started GET "/assets/jquery.js?body=1" for 209.189.254.4 at 2016-03-25 03:04:03 +0000
Served asset /jquery.js - 304 Not Modified (1ms)


Started GET "/assets/jquery_ujs.js?body=1" for 209.189.254.4 at 2016-03-25 03:04:03 +0000
Served asset /jquery_ujs.js - 304 Not Modified (1ms)


Started GET "/assets/application.js?body=1" for 209.189.254.4 at 2016-03-25 03:04:03 +0000
Served asset /application.js - 304 Not Modified (1ms)


Started GET "/movies/find/4" for 209.189.254.4 at 2016-03-25 03:04:04 +0000
Processing by MoviesController#find as HTML
  Parameters: {"id"=>"4"}
  [1m[35mMovie Load (0.3ms)[0m  SELECT "movies".* FROM "movies" WHERE "movies"."id" = ? LIMIT 1  [["id", "4"]]
  [1m[36mMovie Load (0.5ms)[0m  [1mSELECT "movies".* FROM "movies" WHERE "movies"."director" IS NULL[0m
  Rendered movies/find.html.haml within layouts/application (4.1ms)
Completed 200 OK in 13.6ms (Views: 10.7ms | ActiveRecord: 0.7ms)


Started GET "/assets/jquery.js?body=1" for 209.189.254.4 at 2016-03-25 03:04:05 +0000
Served asset /jquery.js - 304 Not Modified (4ms)


Started GET "/assets/application.css?body=1" for 209.189.254.4 at 2016-03-25 03:04:05 +0000
Served asset /application.css - 304 Not Modified (0ms)


Started GET "/assets/jquery_ujs.js?body=1" for 209.189.254.4 at 2016-03-25 03:04:05 +0000
Served asset /jquery_ujs.js - 304 Not Modified (0ms)


Started GET "/assets/application.js?body=1" for 209.189.254.4 at 2016-03-25 03:04:05 +0000
Served asset /application.js - 304 Not Modified (1ms)


Started GET "/movies/4" for 209.189.254.4 at 2016-03-25 03:04:35 +0000
Processing by MoviesController#show as HTML
  Parameters: {"id"=>"4"}
  [1m[35mMovie Load (0.3ms)[0m  SELECT "movies".* FROM "movies" WHERE "movies"."id" = ? LIMIT 1  [["id", "4"]]
  Rendered movies/show.html.haml within layouts/application (3.0ms)
Completed 200 OK in 29.3ms (Views: 13.3ms | ActiveRecord: 1.5ms)


Started GET "/assets/application.css?body=1" for 209.189.254.4 at 2016-03-25 03:04:36 +0000
Served asset /application.css - 304 Not Modified (0ms)


Started GET "/assets/jquery.js?body=1" for 209.189.254.4 at 2016-03-25 03:04:36 +0000
Served asset /jquery.js - 304 Not Modified (1ms)


Started GET "/assets/jquery_ujs.js?body=1" for 209.189.254.4 at 2016-03-25 03:04:36 +0000
Served asset /jquery_ujs.js - 304 Not Modified (0ms)


Started GET "/assets/application.js?body=1" for 209.189.254.4 at 2016-03-25 03:04:36 +0000
Served asset /application.js - 304 Not Modified (2ms)


Started GET "/movies/find/4" for 209.189.254.4 at 2016-03-25 03:04:39 +0000
Processing by MoviesController#find as HTML
  Parameters: {"id"=>"4"}
  [1m[36mMovie Load (0.2ms)[0m  [1mSELECT "movies".* FROM "movies" WHERE "movies"."id" = ? LIMIT 1[0m  [["id", "4"]]
  [1m[35mMovie Load (0.2ms)[0m  SELECT "movies".* FROM "movies" WHERE "movies"."director" IS NULL
Redirected to https://tdd-bdd-hw-exxcalibur.c9users.io/movies
Completed 302 Found in 2.7ms (ActiveRecord: 0.4ms)


Started GET "/movies" for 209.189.254.4 at 2016-03-25 03:04:39 +0000
Processing by MoviesController#index as HTML
  [1m[36mMovie Load (0.4ms)[0m  [1mSELECT "movies".* FROM "movies" WHERE "movies"."rating" IN ('G', 'PG', 'PG-13', 'NC-17', 'R')[0m
  Rendered movies/index.html.haml within layouts/application (5.0ms)
Completed 200 OK in 13.9ms (Views: 11.7ms | ActiveRecord: 0.4ms)


Started GET "/assets/application.js?body=1" for 209.189.254.4 at 2016-03-25 03:04:39 +0000
Served asset /application.js - 304 Not Modified (3ms)


Started GET "/assets/jquery.js?body=1" for 209.189.254.4 at 2016-03-25 03:04:39 +0000
Served asset /jquery.js - 304 Not Modified (0ms)


Started GET "/assets/jquery_ujs.js?body=1" for 209.189.254.4 at 2016-03-25 03:04:39 +0000
Served asset /jquery_ujs.js - 304 Not Modified (0ms)


Started GET "/assets/application.css?body=1" for 209.189.254.4 at 2016-03-25 03:04:39 +0000
Served asset /application.css - 304 Not Modified (0ms)
Connecting to database specified by database.yml
  [1m[36m (9.3ms)[0m  [1mSELECT "schema_migrations"."version" FROM "schema_migrations" [0m
  [1m[35m (0.3ms)[0m  select sqlite_version(*)
  [1m[36m (12.4ms)[0m  [1mCREATE TABLE "movies" ("id" INTEGER PRIMARY KEY AUTOINCREMENT NOT NULL, "title" varchar(255), "rating" varchar(255), "description" text, "release_date" datetime, "created_at" datetime NOT NULL, "updated_at" datetime NOT NULL, "director" varchar(255)) [0m
  [1m[35m (10.3ms)[0m  CREATE TABLE "schema_migrations" ("version" varchar(255) NOT NULL) 
  [1m[36m (12.6ms)[0m  [1mCREATE UNIQUE INDEX "unique_schema_migrations" ON "schema_migrations" ("version")[0m
  [1m[35m (0.1ms)[0m  SELECT version FROM "schema_migrations"
  [1m[36m (10.4ms)[0m  [1mINSERT INTO "schema_migrations" (version) VALUES ('20160324140611')[0m
  [1m[35m (11.5ms)[0m  INSERT INTO "schema_migrations" (version) VALUES ('20111119180638')
